<?xml version="1.0" encoding="UTF-8"?>
<coverage generated="1550327289194" clover="3.2.0">
  <project timestamp="1550327289194" name="All files">
    <metrics statements="241" coveredstatements="210" conditionals="152" coveredconditionals="113" methods="82" coveredmethods="67" elements="475" coveredelements="390" complexity="0" loc="241" ncloc="241" packages="2" files="34" classes="34"/>
    <package name="src">
      <metrics statements="130" coveredstatements="118" conditionals="60" coveredconditionals="46" methods="37" coveredmethods="33"/>
      <file name="F.js" path="/Users/jiameng/Desktop/Mengt/src/F.js">
        <metrics statements="1" coveredstatements="1" conditionals="0" coveredconditionals="0" methods="1" coveredmethods="1"/>
        <line num="7" count="3" type="stmt"/>
      </file>
      <file name="T.js" path="/Users/jiameng/Desktop/Mengt/src/T.js">
        <metrics statements="1" coveredstatements="1" conditionals="0" coveredconditionals="0" methods="1" coveredmethods="1"/>
        <line num="7" count="3" type="stmt"/>
      </file>
      <file name="add.js" path="/Users/jiameng/Desktop/Mengt/src/add.js">
        <metrics statements="2" coveredstatements="2" conditionals="0" coveredconditionals="0" methods="1" coveredmethods="1"/>
        <line num="16" count="18" type="stmt"/>
        <line num="17" count="15" type="stmt"/>
      </file>
      <file name="always.js" path="/Users/jiameng/Desktop/Mengt/src/always.js">
        <metrics statements="3" coveredstatements="1" conditionals="0" coveredconditionals="0" methods="2" coveredmethods="0"/>
        <line num="15" count="18" type="stmt"/>
        <line num="16" count="0" type="stmt"/>
        <line num="17" count="0" type="stmt"/>
      </file>
      <file name="clone.js" path="/Users/jiameng/Desktop/Mengt/src/clone.js">
        <metrics statements="3" coveredstatements="0" conditionals="4" coveredconditionals="0" methods="2" coveredmethods="0"/>
        <line num="12" count="0" type="cond" truecount="0" falsecount="2"/>
        <line num="13" count="0" type="cond" truecount="0" falsecount="2"/>
        <line num="14" count="0" type="stmt"/>
      </file>
      <file name="compose.js" path="/Users/jiameng/Desktop/Mengt/src/compose.js">
        <metrics statements="3" coveredstatements="3" conditionals="0" coveredconditionals="0" methods="1" coveredmethods="1"/>
        <line num="14" count="19" type="stmt"/>
        <line num="15" count="4" type="stmt"/>
        <line num="16" count="4" type="stmt"/>
      </file>
      <file name="curry.js" path="/Users/jiameng/Desktop/Mengt/src/curry.js">
        <metrics statements="4" coveredstatements="3" conditionals="2" coveredconditionals="1" methods="1" coveredmethods="1"/>
        <line num="12" count="19" type="stmt"/>
        <line num="13" count="4" type="cond" truecount="1" falsecount="1"/>
        <line num="14" count="0" type="stmt"/>
        <line num="16" count="4" type="stmt"/>
      </file>
      <file name="curryN.js" path="/Users/jiameng/Desktop/Mengt/src/curryN.js">
        <metrics statements="4" coveredstatements="4" conditionals="2" coveredconditionals="2" methods="1" coveredmethods="1"/>
        <line num="12" count="19" type="stmt"/>
        <line num="13" count="5" type="cond" truecount="2" falsecount="0"/>
        <line num="14" count="1" type="stmt"/>
        <line num="16" count="4" type="stmt"/>
      </file>
      <file name="defaultTo.js" path="/Users/jiameng/Desktop/Mengt/src/defaultTo.js">
        <metrics statements="2" coveredstatements="2" conditionals="4" coveredconditionals="4" methods="1" coveredmethods="1"/>
        <line num="15" count="19" type="stmt"/>
        <line num="16" count="13" type="cond" truecount="4" falsecount="0"/>
      </file>
      <file name="divide.js" path="/Users/jiameng/Desktop/Mengt/src/divide.js">
        <metrics statements="2" coveredstatements="2" conditionals="0" coveredconditionals="0" methods="1" coveredmethods="1"/>
        <line num="16" count="18" type="stmt"/>
        <line num="17" count="4" type="stmt"/>
      </file>
      <file name="forEach.js" path="/Users/jiameng/Desktop/Mengt/src/forEach.js">
        <metrics statements="1" coveredstatements="1" conditionals="0" coveredconditionals="0" methods="0" coveredmethods="0"/>
        <line num="12" count="19" type="stmt"/>
      </file>
      <file name="has.js" path="/Users/jiameng/Desktop/Mengt/src/has.js">
        <metrics statements="3" coveredstatements="3" conditionals="4" coveredconditionals="4" methods="1" coveredmethods="1"/>
        <line num="17" count="33" type="stmt"/>
        <line num="18" count="67" type="cond" truecount="4" falsecount="0"/>
        <line num="19" count="63" type="stmt"/>
      </file>
      <file name="head.js" path="/Users/jiameng/Desktop/Mengt/src/head.js">
        <metrics statements="3" coveredstatements="3" conditionals="2" coveredconditionals="2" methods="1" coveredmethods="1"/>
        <line num="16" count="18" type="stmt"/>
        <line num="17" count="5" type="stmt"/>
        <line num="18" count="5" type="cond" truecount="2" falsecount="0"/>
      </file>
      <file name="identity.js" path="/Users/jiameng/Desktop/Mengt/src/identity.js">
        <metrics statements="2" coveredstatements="2" conditionals="0" coveredconditionals="0" methods="1" coveredmethods="1"/>
        <line num="15" count="18" type="stmt"/>
        <line num="16" count="13" type="stmt"/>
      </file>
      <file name="index.js" path="/Users/jiameng/Desktop/Mengt/src/index.js">
        <metrics statements="0" coveredstatements="0" conditionals="0" coveredconditionals="0" methods="0" coveredmethods="0"/>
      </file>
      <file name="isEmpty.js" path="/Users/jiameng/Desktop/Mengt/src/isEmpty.js">
        <metrics statements="6" coveredstatements="6" conditionals="6" coveredconditionals="6" methods="1" coveredmethods="1"/>
        <line num="19" count="18" type="stmt"/>
        <line num="20" count="16" type="cond" truecount="4" falsecount="0"/>
        <line num="22" count="12" type="cond" truecount="2" falsecount="0"/>
        <line num="23" count="3" type="stmt"/>
        <line num="24" count="2" type="stmt"/>
        <line num="27" count="1" type="stmt"/>
      </file>
      <file name="isEquals.js" path="/Users/jiameng/Desktop/Mengt/src/isEquals.js">
        <metrics statements="2" coveredstatements="2" conditionals="0" coveredconditionals="0" methods="1" coveredmethods="1"/>
        <line num="3" count="18" type="stmt"/>
        <line num="4" count="62" type="stmt"/>
      </file>
      <file name="keys.js" path="/Users/jiameng/Desktop/Mengt/src/keys.js">
        <metrics statements="9" coveredstatements="4" conditionals="10" coveredconditionals="5" methods="1" coveredmethods="1"/>
        <line num="13" count="33" type="stmt"/>
        <line num="14" count="61" type="cond" truecount="2" falsecount="0"/>
        <line num="15" count="55" type="cond" truecount="2" falsecount="0"/>
        <line num="17" count="52" type="cond" truecount="1" falsecount="1"/>
        <line num="19" count="0" type="stmt"/>
        <line num="20" count="0" type="stmt"/>
        <line num="21" count="0" type="cond" truecount="0" falsecount="4"/>
        <line num="22" count="0" type="stmt"/>
        <line num="25" count="0" type="stmt"/>
      </file>
      <file name="map.js" path="/Users/jiameng/Desktop/Mengt/src/map.js">
        <metrics statements="9" coveredstatements="9" conditionals="8" coveredconditionals="8" methods="3" coveredmethods="3"/>
        <line num="20" count="18" type="stmt"/>
        <line num="21" count="9" type="cond" truecount="2" falsecount="0"/>
        <line num="23" count="7" type="stmt"/>
        <line num="24" count="7" type="cond" truecount="2" falsecount="0"/>
        <line num="25" count="1" type="stmt"/>
        <line num="28" count="6" type="cond" truecount="4" falsecount="0"/>
        <line num="29" count="3" type="stmt"/>
        <line num="30" count="3" type="stmt"/>
        <line num="33" count="4" type="stmt"/>
      </file>
      <file name="multiply.js" path="/Users/jiameng/Desktop/Mengt/src/multiply.js">
        <metrics statements="2" coveredstatements="2" conditionals="0" coveredconditionals="0" methods="1" coveredmethods="1"/>
        <line num="16" count="18" type="stmt"/>
        <line num="17" count="16" type="stmt"/>
      </file>
      <file name="omit.js" path="/Users/jiameng/Desktop/Mengt/src/omit.js">
        <metrics statements="10" coveredstatements="10" conditionals="4" coveredconditionals="3" methods="1" coveredmethods="1"/>
        <line num="14" count="18" type="stmt"/>
        <line num="15" count="2" type="stmt"/>
        <line num="16" count="2" type="cond" truecount="1" falsecount="1"/>
        <line num="18" count="2" type="stmt"/>
        <line num="20" count="2" type="stmt"/>
        <line num="21" count="2" type="stmt"/>
        <line num="24" count="2" type="stmt"/>
        <line num="25" count="6" type="cond" truecount="2" falsecount="0"/>
        <line num="26" count="4" type="stmt"/>
        <line num="30" count="2" type="stmt"/>
      </file>
      <file name="once.js" path="/Users/jiameng/Desktop/Mengt/src/once.js">
        <metrics statements="8" coveredstatements="8" conditionals="2" coveredconditionals="2" methods="2" coveredmethods="2"/>
        <line num="13" count="19" type="stmt"/>
        <line num="14" count="4" type="stmt"/>
        <line num="15" count="4" type="stmt"/>
        <line num="16" count="6" type="cond" truecount="2" falsecount="0"/>
        <line num="17" count="3" type="stmt"/>
        <line num="18" count="3" type="stmt"/>
        <line num="19" count="3" type="stmt"/>
        <line num="20" count="3" type="stmt"/>
      </file>
      <file name="pipe.js" path="/Users/jiameng/Desktop/Mengt/src/pipe.js">
        <metrics statements="3" coveredstatements="3" conditionals="0" coveredconditionals="0" methods="1" coveredmethods="1"/>
        <line num="13" count="19" type="stmt"/>
        <line num="14" count="4" type="stmt"/>
        <line num="15" count="4" type="stmt"/>
      </file>
      <file name="reduce.js" path="/Users/jiameng/Desktop/Mengt/src/reduce.js">
        <metrics statements="7" coveredstatements="6" conditionals="2" coveredconditionals="1" methods="1" coveredmethods="1"/>
        <line num="13" count="20" type="stmt"/>
        <line num="16" count="8" type="cond" truecount="1" falsecount="1"/>
        <line num="17" count="0" type="stmt"/>
        <line num="19" count="8" type="stmt"/>
        <line num="20" count="26" type="stmt"/>
        <line num="21" count="26" type="stmt"/>
        <line num="24" count="8" type="stmt"/>
      </file>
      <file name="reduceRight.js" path="/Users/jiameng/Desktop/Mengt/src/reduceRight.js">
        <metrics statements="7" coveredstatements="7" conditionals="2" coveredconditionals="1" methods="1" coveredmethods="1"/>
        <line num="13" count="20" type="stmt"/>
        <line num="16" count="7" type="cond" truecount="1" falsecount="1"/>
        <line num="17" count="7" type="stmt"/>
        <line num="19" count="7" type="stmt"/>
        <line num="20" count="18" type="stmt"/>
        <line num="21" count="18" type="stmt"/>
        <line num="24" count="7" type="stmt"/>
      </file>
      <file name="revers.js" path="/Users/jiameng/Desktop/Mengt/src/revers.js">
        <metrics statements="16" coveredstatements="16" conditionals="4" coveredconditionals="4" methods="1" coveredmethods="1"/>
        <line num="15" count="21" type="stmt"/>
        <line num="16" count="4" type="stmt"/>
        <line num="19" count="4" type="cond" truecount="2" falsecount="0"/>
        <line num="20" count="1" type="stmt"/>
        <line num="21" count="1" type="stmt"/>
        <line num="22" count="3" type="stmt"/>
        <line num="23" count="3" type="stmt"/>
        <line num="26" count="3" type="cond" truecount="2" falsecount="0"/>
        <line num="27" count="2" type="stmt"/>
        <line num="28" count="2" type="stmt"/>
        <line num="29" count="2" type="stmt"/>
        <line num="30" count="3" type="stmt"/>
        <line num="31" count="3" type="stmt"/>
        <line num="32" count="3" type="stmt"/>
        <line num="36" count="1" type="stmt"/>
        <line num="39" count="3" type="stmt"/>
      </file>
      <file name="slice.js" path="/Users/jiameng/Desktop/Mengt/src/slice.js">
        <metrics statements="2" coveredstatements="2" conditionals="0" coveredconditionals="0" methods="1" coveredmethods="1"/>
        <line num="17" count="18" type="stmt"/>
        <line num="18" count="12" type="stmt"/>
      </file>
      <file name="sort.js" path="/Users/jiameng/Desktop/Mengt/src/sort.js">
        <metrics statements="2" coveredstatements="2" conditionals="0" coveredconditionals="0" methods="1" coveredmethods="1"/>
        <line num="13" count="18" type="stmt"/>
        <line num="14" count="2" type="stmt"/>
      </file>
      <file name="sortBy.js" path="/Users/jiameng/Desktop/Mengt/src/sortBy.js">
        <metrics statements="4" coveredstatements="4" conditionals="4" coveredconditionals="3" methods="2" coveredmethods="2"/>
        <line num="13" count="18" type="stmt"/>
        <line num="14" count="2" type="stmt"/>
        <line num="15" count="8" type="stmt"/>
        <line num="16" count="8" type="cond" truecount="3" falsecount="1"/>
      </file>
      <file name="subtract.js" path="/Users/jiameng/Desktop/Mengt/src/subtract.js">
        <metrics statements="2" coveredstatements="2" conditionals="0" coveredconditionals="0" methods="1" coveredmethods="1"/>
        <line num="16" count="18" type="stmt"/>
        <line num="17" count="8" type="stmt"/>
      </file>
      <file name="tail.js" path="/Users/jiameng/Desktop/Mengt/src/tail.js">
        <metrics statements="2" coveredstatements="2" conditionals="0" coveredconditionals="0" methods="1" coveredmethods="1"/>
        <line num="20" count="18" type="stmt"/>
        <line num="21" count="9" type="stmt"/>
      </file>
      <file name="tap.js" path="/Users/jiameng/Desktop/Mengt/src/tap.js">
        <metrics statements="3" coveredstatements="3" conditionals="0" coveredconditionals="0" methods="1" coveredmethods="1"/>
        <line num="13" count="18" type="stmt"/>
        <line num="14" count="3" type="stmt"/>
        <line num="15" count="3" type="stmt"/>
      </file>
      <file name="type.js" path="/Users/jiameng/Desktop/Mengt/src/type.js">
        <metrics statements="2" coveredstatements="2" conditionals="0" coveredconditionals="0" methods="1" coveredmethods="1"/>
        <line num="18" count="19" type="stmt"/>
        <line num="19" count="21" type="stmt"/>
      </file>
    </package>
    <package name="src.utils">
      <metrics statements="111" coveredstatements="92" conditionals="92" coveredconditionals="67" methods="45" coveredmethods="34"/>
      <file name="index.js" path="/Users/jiameng/Desktop/Mengt/src/utils/index.js">
        <metrics statements="111" coveredstatements="92" conditionals="92" coveredconditionals="67" methods="45" coveredmethods="34"/>
        <line num="6" count="174" type="stmt"/>
        <line num="10" count="50" type="cond" truecount="1" falsecount="1"/>
        <line num="14" count="17" type="stmt"/>
        <line num="18" count="14" type="stmt"/>
        <line num="22" count="0" type="stmt"/>
        <line num="26" count="5" type="stmt"/>
        <line num="40" count="50" type="stmt"/>
        <line num="41" count="43" type="stmt"/>
        <line num="43" count="43" type="cond" truecount="2" falsecount="0"/>
        <line num="45" count="39" type="stmt"/>
        <line num="47" count="39" type="cond" truecount="4" falsecount="0"/>
        <line num="60" count="219" type="stmt"/>
        <line num="61" count="191" type="cond" truecount="2" falsecount="0"/>
        <line num="62" count="190" type="stmt"/>
        <line num="76" count="276" type="stmt"/>
        <line num="77" count="203" type="stmt"/>
        <line num="79" count="203" type="cond" truecount="2" falsecount="1"/>
        <line num="81" count="0" type="stmt"/>
        <line num="84" count="45" type="stmt"/>
        <line num="88" count="174" type="stmt"/>
        <line num="104" count="59" type="stmt"/>
        <line num="105" count="47" type="stmt"/>
        <line num="106" count="47" type="cond" truecount="3" falsecount="1"/>
        <line num="108" count="0" type="stmt"/>
        <line num="111" count="5" type="stmt"/>
        <line num="114" count="7" type="stmt"/>
        <line num="117" count="35" type="stmt"/>
        <line num="131" count="5" type="cond" truecount="1" falsecount="1"/>
        <line num="132" count="0" type="stmt"/>
        <line num="135" count="5" type="stmt"/>
        <line num="136" count="19" type="stmt"/>
        <line num="137" count="19" type="cond" truecount="2" falsecount="0"/>
        <line num="138" count="10" type="stmt"/>
        <line num="139" count="10" type="stmt"/>
        <line num="142" count="9" type="stmt"/>
        <line num="156" count="0" type="stmt"/>
        <line num="157" count="0" type="stmt"/>
        <line num="158" count="0" type="stmt"/>
        <line num="159" count="0" type="cond" truecount="0" falsecount="2"/>
        <line num="173" count="4" type="cond" truecount="3" falsecount="1"/>
        <line num="175" count="4" type="cond" truecount="2" falsecount="0"/>
        <line num="176" count="3" type="stmt"/>
        <line num="178" count="3" type="stmt"/>
        <line num="179" count="11" type="stmt"/>
        <line num="181" count="3" type="stmt"/>
        <line num="186" count="4" type="cond" truecount="2" falsecount="0"/>
        <line num="187" count="1" type="stmt"/>
        <line num="188" count="2" type="cond" truecount="1" falsecount="1"/>
        <line num="189" count="2" type="stmt"/>
        <line num="195" count="4" type="stmt"/>
        <line num="207" count="21" type="stmt"/>
        <line num="208" count="11" type="stmt"/>
        <line num="214" count="16" type="cond" truecount="5" falsecount="7"/>
        <line num="216" count="3" type="stmt"/>
        <line num="218" count="0" type="stmt"/>
        <line num="220" count="8" type="stmt"/>
        <line num="222" count="5" type="stmt"/>
        <line num="224" count="4" type="stmt"/>
        <line num="226" count="0" type="stmt"/>
        <line num="228" count="0" type="stmt"/>
        <line num="230" count="0" type="stmt"/>
        <line num="232" count="0" type="stmt"/>
        <line num="234" count="0" type="stmt"/>
        <line num="236" count="0" type="stmt"/>
        <line num="237" count="1" type="stmt"/>
        <line num="249" count="4" type="stmt"/>
        <line num="259" count="4" type="stmt"/>
        <line num="261" count="4" type="stmt"/>
        <line num="262" count="4" type="stmt"/>
        <line num="263" count="6" type="stmt"/>
        <line num="264" count="6" type="stmt"/>
        <line num="266" count="4" type="stmt"/>
        <line num="280" count="109" type="cond" truecount="1" falsecount="1"/>
        <line num="282" count="0" type="cond" truecount="0" falsecount="2"/>
        <line num="283" count="0" type="cond" truecount="0" falsecount="2"/>
        <line num="285" count="0" type="cond" truecount="0" falsecount="2"/>
        <line num="288" count="0" type="stmt"/>
        <line num="290" count="109" type="stmt"/>
        <line num="304" count="90" type="cond" truecount="2" falsecount="0"/>
        <line num="305" count="26" type="stmt"/>
        <line num="308" count="64" type="cond" truecount="3" falsecount="1"/>
        <line num="311" count="64" type="stmt"/>
        <line num="312" count="64" type="cond" truecount="2" falsecount="0"/>
        <line num="315" count="62" type="cond" truecount="7" falsecount="0"/>
        <line num="320" count="24" type="cond" truecount="2" falsecount="0"/>
        <line num="324" count="4" type="stmt"/>
        <line num="327" count="6" type="cond" truecount="2" falsecount="0"/>
        <line num="331" count="5" type="cond" truecount="6" falsecount="0"/>
        <line num="339" count="23" type="stmt"/>
        <line num="342" count="23" type="cond" truecount="3" falsecount="1"/>
        <line num="344" count="23" type="cond" truecount="2" falsecount="0"/>
        <line num="347" count="20" type="stmt"/>
        <line num="348" count="20" type="stmt"/>
        <line num="349" count="17" type="cond" truecount="2" falsecount="0"/>
        <line num="351" count="18" type="stmt"/>
        <line num="352" count="18" type="stmt"/>
        <line num="353" count="18" type="stmt"/>
        <line num="354" count="18" type="stmt"/>
        <line num="355" count="29" type="cond" truecount="1" falsecount="1"/>
        <line num="356" count="29" type="cond" truecount="2" falsecount="0"/>
        <line num="357" count="28" type="cond" truecount="2" falsecount="0"/>
        <line num="363" count="18" type="stmt"/>
        <line num="364" count="18" type="stmt"/>
        <line num="366" count="18" type="stmt"/>
        <line num="377" count="3" type="stmt"/>
        <line num="378" count="3" type="stmt"/>
        <line num="379" count="3" type="stmt"/>
        <line num="380" count="3" type="stmt"/>
        <line num="381" count="18" type="stmt"/>
        <line num="382" count="18" type="stmt"/>
        <line num="384" count="3" type="stmt"/>
      </file>
    </package>
  </project>
</coverage>
