<?xml version="1.0" encoding="UTF-8"?>
<coverage generated="1546340977722" clover="3.2.0">
  <project timestamp="1546340977723" name="All files">
    <metrics statements="57" coveredstatements="45" conditionals="22" coveredconditionals="12" methods="25" coveredmethods="19" elements="104" coveredelements="76" complexity="0" loc="57" ncloc="57" packages="2" files="5" classes="5">
      <package name="src">
        <metrics statements="23" coveredstatements="20" conditionals="4" coveredconditionals="2" methods="6" coveredmethods="5"/>
        <file name="compose.js" path="/Users/jiameng/Desktop/Mengt/src/compose.js">
          <metrics statements="5" coveredstatements="3" conditionals="0" coveredconditionals="0" methods="3" coveredmethods="2"/>
          <line num="14" count="1" type="stmt"/>
          <line num="15" count="1" type="stmt"/>
          <line num="17" count="1" type="stmt"/>
          <line num="18" count="0" type="stmt"/>
          <line num="19" count="0" type="stmt"/>
        </file>
        <file name="forEach.js" path="/Users/jiameng/Desktop/Mengt/src/forEach.js">
          <metrics statements="4" coveredstatements="4" conditionals="0" coveredconditionals="0" methods="1" coveredmethods="1"/>
          <line num="8" count="1" type="stmt"/>
          <line num="9" count="2" type="stmt"/>
          <line num="11" count="8" type="stmt"/>
          <line num="13" count="2" type="stmt"/>
        </file>
        <file name="reduce.js" path="/Users/jiameng/Desktop/Mengt/src/reduce.js">
          <metrics statements="7" coveredstatements="7" conditionals="2" coveredconditionals="1" methods="1" coveredmethods="1"/>
          <line num="11" count="2" type="stmt"/>
          <line num="13" count="2" type="cond" truecount="1" falsecount="1"/>
          <line num="14" count="2" type="stmt"/>
          <line num="16" count="2" type="stmt"/>
          <line num="17" count="3" type="stmt"/>
          <line num="18" count="3" type="stmt"/>
          <line num="21" count="2" type="stmt"/>
        </file>
        <file name="reduceRight.js" path="/Users/jiameng/Desktop/Mengt/src/reduceRight.js">
          <metrics statements="7" coveredstatements="6" conditionals="2" coveredconditionals="1" methods="1" coveredmethods="1"/>
          <line num="10" count="1" type="stmt"/>
          <line num="12" count="1" type="cond" truecount="1" falsecount="1"/>
          <line num="13" count="0" type="stmt"/>
          <line num="15" count="1" type="stmt"/>
          <line num="16" count="3" type="stmt"/>
          <line num="17" count="3" type="stmt"/>
          <line num="20" count="1" type="stmt"/>
        </file>
      </package>
      <package name="src.utils">
        <metrics statements="34" coveredstatements="25" conditionals="18" coveredconditionals="10" methods="19" coveredmethods="14"/>
        <file name="index.js" path="/Users/jiameng/Desktop/Mengt/src/utils/index.js">
          <metrics statements="34" coveredstatements="25" conditionals="18" coveredconditionals="10" methods="19" coveredmethods="14"/>
          <line num="5" count="2" type="stmt"/>
          <line num="9" count="4" type="cond" truecount="1" falsecount="1"/>
          <line num="13" count="0" type="stmt"/>
          <line num="17" count="0" type="stmt"/>
          <line num="21" count="0" type="stmt"/>
          <line num="32" count="3" type="stmt"/>
          <line num="33" count="4" type="stmt"/>
          <line num="37" count="4" type="stmt"/>
          <line num="39" count="4" type="cond" truecount="2" falsecount="2"/>
          <line num="51" count="4" type="stmt"/>
          <line num="52" count="6" type="cond" truecount="1" falsecount="1"/>
          <line num="54" count="6" type="stmt"/>
          <line num="66" count="2" type="stmt"/>
          <line num="67" count="4" type="stmt"/>
          <line num="69" count="4" type="cond" truecount="2" falsecount="1"/>
          <line num="71" count="0" type="stmt"/>
          <line num="74" count="2" type="stmt"/>
          <line num="78" count="2" type="stmt"/>
          <line num="91" count="3" type="stmt"/>
          <line num="92" count="3" type="stmt"/>
          <line num="93" count="3" type="cond" truecount="1" falsecount="2"/>
          <line num="95" count="0" type="stmt"/>
          <line num="98" count="0" type="stmt"/>
          <line num="100" count="0" type="stmt"/>
          <line num="101" count="0" type="stmt"/>
          <line num="104" count="3" type="stmt"/>
          <line num="115" count="2" type="cond" truecount="1" falsecount="1"/>
          <line num="116" count="0" type="stmt"/>
          <line num="119" count="2" type="stmt"/>
          <line num="120" count="7" type="stmt"/>
          <line num="121" count="7" type="cond" truecount="2" falsecount="0"/>
          <line num="122" count="3" type="stmt"/>
          <line num="123" count="3" type="stmt"/>
          <line num="126" count="4" type="stmt"/>
        </file>
      </package>
    </metrics>
  </project>
</coverage>
