{"/Users/jiameng/Desktop/Mengt/src/compose.js": {"path":"/Users/jiameng/Desktop/Mengt/src/compose.js","statementMap":{"0":{"start":{"line":14,"column":16},"end":{"line":17,"column":1}},"1":{"start":{"line":15,"column":16},"end":{"line":15,"column":40}},"2":{"start":{"line":16,"column":4},"end":{"line":16,"column":84}}},"fnMap":{"0":{"name":"(anonymous_0)","decl":{"start":{"line":14,"column":16},"end":{"line":14,"column":17}},"loc":{"start":{"line":14,"column":27},"end":{"line":17,"column":1}},"line":14}},"branchMap":{},"s":{"0":2,"1":4,"2":4},"f":{"0":4},"b":{},"_coverageSchema":"332fd63041d2c1bcb487cc26dd0d5f7d97098a6c","hash":"dec2860909da5f9301a5d5eeac07c476105a089e"}
,"/Users/jiameng/Desktop/Mengt/src/forEach.js": {"path":"/Users/jiameng/Desktop/Mengt/src/forEach.js","statementMap":{"0":{"start":{"line":9,"column":17},"end":{"line":9,"column":34}}},"fnMap":{},"branchMap":{},"s":{"0":2},"f":{},"b":{},"_coverageSchema":"332fd63041d2c1bcb487cc26dd0d5f7d97098a6c","hash":"4db8790a4a21bcf6cee89bccace2dfde1d4a898f"}
,"/Users/jiameng/Desktop/Mengt/src/index.js": {"path":"/Users/jiameng/Desktop/Mengt/src/index.js","statementMap":{"0":{"start":{"line":9,"column":9},"end":{"line":21,"column":4}},"1":{"start":{"line":11,"column":4},"end":{"line":19,"column":5}}},"fnMap":{"0":{"name":"(anonymous_0)","decl":{"start":{"line":9,"column":10},"end":{"line":9,"column":11}},"loc":{"start":{"line":9,"column":22},"end":{"line":21,"column":1}},"line":9}},"branchMap":{},"s":{"0":1,"1":1},"f":{"0":1},"b":{},"_coverageSchema":"332fd63041d2c1bcb487cc26dd0d5f7d97098a6c","hash":"ab99589a4be72eb22aca8c3dfff574f57329fbe8"}
,"/Users/jiameng/Desktop/Mengt/src/omit.js": {"path":"/Users/jiameng/Desktop/Mengt/src/omit.js","statementMap":{"0":{"start":{"line":15,"column":13},"end":{"line":32,"column":2}},"1":{"start":{"line":16,"column":19},"end":{"line":16,"column":21}},"2":{"start":{"line":17,"column":4},"end":{"line":17,"column":35}},"3":{"start":{"line":17,"column":21},"end":{"line":17,"column":35}},"4":{"start":{"line":19,"column":17},"end":{"line":19,"column":19}},"5":{"start":{"line":21,"column":4},"end":{"line":23,"column":5}},"6":{"start":{"line":22,"column":8},"end":{"line":22,"column":27}},"7":{"start":{"line":25,"column":4},"end":{"line":29,"column":5}},"8":{"start":{"line":26,"column":8},"end":{"line":28,"column":9}},"9":{"start":{"line":27,"column":12},"end":{"line":27,"column":37}},"10":{"start":{"line":31,"column":4},"end":{"line":31,"column":18}}},"fnMap":{"0":{"name":"(anonymous_0)","decl":{"start":{"line":15,"column":21},"end":{"line":15,"column":22}},"loc":{"start":{"line":15,"column":42},"end":{"line":32,"column":1}},"line":15}},"branchMap":{"0":{"loc":{"start":{"line":17,"column":4},"end":{"line":17,"column":35}},"type":"if","locations":[{"start":{"line":17,"column":4},"end":{"line":17,"column":35}},{"start":{"line":17,"column":4},"end":{"line":17,"column":35}}],"line":17},"1":{"loc":{"start":{"line":26,"column":8},"end":{"line":28,"column":9}},"type":"if","locations":[{"start":{"line":26,"column":8},"end":{"line":28,"column":9}},{"start":{"line":26,"column":8},"end":{"line":28,"column":9}}],"line":26}},"s":{"0":1,"1":2,"2":2,"3":0,"4":2,"5":2,"6":2,"7":2,"8":6,"9":4,"10":2},"f":{"0":2},"b":{"0":[0,2],"1":[4,2]},"_coverageSchema":"332fd63041d2c1bcb487cc26dd0d5f7d97098a6c","hash":"f7f12435f9544929f7e825fa7ada7e1946d60347"}
,"/Users/jiameng/Desktop/Mengt/src/pipe.js": {"path":"/Users/jiameng/Desktop/Mengt/src/pipe.js","statementMap":{"0":{"start":{"line":13,"column":14},"end":{"line":17,"column":1}},"1":{"start":{"line":14,"column":14},"end":{"line":14,"column":38}},"2":{"start":{"line":15,"column":4},"end":{"line":15,"column":65}}},"fnMap":{"0":{"name":"(anonymous_0)","decl":{"start":{"line":13,"column":14},"end":{"line":13,"column":15}},"loc":{"start":{"line":13,"column":26},"end":{"line":17,"column":1}},"line":13}},"branchMap":{},"s":{"0":2,"1":4,"2":4},"f":{"0":4},"b":{},"_coverageSchema":"332fd63041d2c1bcb487cc26dd0d5f7d97098a6c","hash":"bb733a69f083665875a68fbfa8ddc19bfe3762db"}
,"/Users/jiameng/Desktop/Mengt/src/reduce.js": {"path":"/Users/jiameng/Desktop/Mengt/src/reduce.js","statementMap":{"0":{"start":{"line":11,"column":14},"end":{"line":25,"column":2}},"1":{"start":{"line":14,"column":4},"end":{"line":15,"column":34}},"2":{"start":{"line":14,"column":27},"end":{"line":14,"column":49}},"3":{"start":{"line":15,"column":9},"end":{"line":15,"column":34}},"4":{"start":{"line":17,"column":4},"end":{"line":22,"column":5}},"5":{"start":{"line":19,"column":8},"end":{"line":19,"column":35}},"6":{"start":{"line":21,"column":8},"end":{"line":21,"column":16}},"7":{"start":{"line":24,"column":4},"end":{"line":24,"column":15}}},"fnMap":{"0":{"name":"reduce","decl":{"start":{"line":11,"column":31},"end":{"line":11,"column":37}},"loc":{"start":{"line":11,"column":54},"end":{"line":25,"column":1}},"line":11}},"branchMap":{"0":{"loc":{"start":{"line":14,"column":4},"end":{"line":15,"column":34}},"type":"if","locations":[{"start":{"line":14,"column":4},"end":{"line":15,"column":34}},{"start":{"line":14,"column":4},"end":{"line":15,"column":34}}],"line":14}},"s":{"0":3,"1":6,"2":6,"3":0,"4":6,"5":23,"6":23,"7":6},"f":{"0":6},"b":{"0":[6,0]},"_coverageSchema":"332fd63041d2c1bcb487cc26dd0d5f7d97098a6c","hash":"aad2f3c2c4318d6ca23d4d881bd79deee86f942e"}
,"/Users/jiameng/Desktop/Mengt/src/reduceRight.js": {"path":"/Users/jiameng/Desktop/Mengt/src/reduceRight.js","statementMap":{"0":{"start":{"line":10,"column":20},"end":{"line":22,"column":2}},"1":{"start":{"line":13,"column":4},"end":{"line":14,"column":43}},"2":{"start":{"line":13,"column":27},"end":{"line":13,"column":78}},"3":{"start":{"line":14,"column":9},"end":{"line":14,"column":43}},"4":{"start":{"line":16,"column":4},"end":{"line":19,"column":5}},"5":{"start":{"line":17,"column":8},"end":{"line":17,"column":33}},"6":{"start":{"line":18,"column":8},"end":{"line":18,"column":15}},"7":{"start":{"line":21,"column":4},"end":{"line":21,"column":15}}},"fnMap":{"0":{"name":"(anonymous_0)","decl":{"start":{"line":10,"column":28},"end":{"line":10,"column":29}},"loc":{"start":{"line":10,"column":53},"end":{"line":22,"column":1}},"line":10}},"branchMap":{"0":{"loc":{"start":{"line":13,"column":4},"end":{"line":14,"column":43}},"type":"if","locations":[{"start":{"line":13,"column":4},"end":{"line":14,"column":43}},{"start":{"line":13,"column":4},"end":{"line":14,"column":43}}],"line":13}},"s":{"0":3,"1":7,"2":0,"3":7,"4":7,"5":18,"6":18,"7":7},"f":{"0":7},"b":{"0":[0,7]},"_coverageSchema":"332fd63041d2c1bcb487cc26dd0d5f7d97098a6c","hash":"cd9ac3e164e8210db426bbe66f54037d93b66c19"}
,"/Users/jiameng/Desktop/Mengt/src/revers.js": {"path":"/Users/jiameng/Desktop/Mengt/src/revers.js","statementMap":{"0":{"start":{"line":13,"column":16},"end":{"line":38,"column":2}},"1":{"start":{"line":14,"column":14},"end":{"line":14,"column":29}},"2":{"start":{"line":17,"column":4},"end":{"line":35,"column":5}},"3":{"start":{"line":18,"column":8},"end":{"line":18,"column":20}},"4":{"start":{"line":19,"column":8},"end":{"line":22,"column":9}},"5":{"start":{"line":20,"column":12},"end":{"line":20,"column":31}},"6":{"start":{"line":21,"column":12},"end":{"line":21,"column":18}},"7":{"start":{"line":24,"column":11},"end":{"line":35,"column":5}},"8":{"start":{"line":25,"column":21},"end":{"line":25,"column":22}},"9":{"start":{"line":26,"column":8},"end":{"line":26,"column":20}},"10":{"start":{"line":27,"column":8},"end":{"line":31,"column":9}},"11":{"start":{"line":28,"column":12},"end":{"line":28,"column":39}},"12":{"start":{"line":29,"column":12},"end":{"line":29,"column":18}},"13":{"start":{"line":30,"column":12},"end":{"line":30,"column":21}},"14":{"start":{"line":34,"column":8},"end":{"line":34,"column":83}},"15":{"start":{"line":37,"column":4},"end":{"line":37,"column":18}}},"fnMap":{"0":{"name":"(anonymous_0)","decl":{"start":{"line":13,"column":40},"end":{"line":13,"column":41}},"loc":{"start":{"line":13,"column":55},"end":{"line":38,"column":1}},"line":13}},"branchMap":{"0":{"loc":{"start":{"line":17,"column":4},"end":{"line":35,"column":5}},"type":"if","locations":[{"start":{"line":17,"column":4},"end":{"line":35,"column":5}},{"start":{"line":17,"column":4},"end":{"line":35,"column":5}}],"line":17},"1":{"loc":{"start":{"line":24,"column":11},"end":{"line":35,"column":5}},"type":"if","locations":[{"start":{"line":24,"column":11},"end":{"line":35,"column":5}},{"start":{"line":24,"column":11},"end":{"line":35,"column":5}}],"line":24}},"s":{"0":1,"1":4,"2":4,"3":1,"4":1,"5":3,"6":3,"7":3,"8":2,"9":2,"10":2,"11":3,"12":3,"13":3,"14":1,"15":3},"f":{"0":4},"b":{"0":[1,3],"1":[2,1]},"_coverageSchema":"332fd63041d2c1bcb487cc26dd0d5f7d97098a6c","hash":"d80b45ec98362dadb9b431f874ad6bfa98d4f0fd"}
,"/Users/jiameng/Desktop/Mengt/src/tap.js": {"path":"/Users/jiameng/Desktop/Mengt/src/tap.js","statementMap":{"0":{"start":{"line":12,"column":4},"end":{"line":12,"column":23}},"1":{"start":{"line":13,"column":4},"end":{"line":13,"column":17}}},"fnMap":{"0":{"name":"tap","decl":{"start":{"line":11,"column":24},"end":{"line":11,"column":27}},"loc":{"start":{"line":11,"column":35},"end":{"line":14,"column":1}},"line":11}},"branchMap":{},"s":{"0":0,"1":0},"f":{"0":0},"b":{},"_coverageSchema":"332fd63041d2c1bcb487cc26dd0d5f7d97098a6c","hash":"ab9831bd9324b01ceec1169e00d5badcbb35e62c"}
,"/Users/jiameng/Desktop/Mengt/src/utils/index.js": {"path":"/Users/jiameng/Desktop/Mengt/src/utils/index.js","statementMap":{"0":{"start":{"line":5,"column":4},"end":{"line":5,"column":68}},"1":{"start":{"line":9,"column":2},"end":{"line":9,"column":98}},"2":{"start":{"line":13,"column":4},"end":{"line":13,"column":66}},"3":{"start":{"line":17,"column":4},"end":{"line":17,"column":67}},"4":{"start":{"line":21,"column":4},"end":{"line":21,"column":67}},"5":{"start":{"line":35,"column":4},"end":{"line":44,"column":5}},"6":{"start":{"line":36,"column":20},"end":{"line":36,"column":36}},"7":{"start":{"line":38,"column":8},"end":{"line":38,"column":34}},"8":{"start":{"line":38,"column":22},"end":{"line":38,"column":34}},"9":{"start":{"line":40,"column":20},"end":{"line":40,"column":36}},"10":{"start":{"line":42,"column":8},"end":{"line":42,"column":180}},"11":{"start":{"line":56,"column":4},"end":{"line":60,"column":5}},"12":{"start":{"line":57,"column":8},"end":{"line":57,"column":44}},"13":{"start":{"line":57,"column":35},"end":{"line":57,"column":44}},"14":{"start":{"line":59,"column":8},"end":{"line":59,"column":32}},"15":{"start":{"line":73,"column":4},"end":{"line":88,"column":5}},"16":{"start":{"line":74,"column":23},"end":{"line":74,"column":39}},"17":{"start":{"line":76,"column":8},"end":{"line":87,"column":9}},"18":{"start":{"line":78,"column":12},"end":{"line":78,"column":22}},"19":{"start":{"line":81,"column":12},"end":{"line":81,"column":60}},"20":{"start":{"line":81,"column":41},"end":{"line":81,"column":56}},"21":{"start":{"line":85,"column":12},"end":{"line":85,"column":39}},"22":{"start":{"line":101,"column":4},"end":{"line":116,"column":5}},"23":{"start":{"line":102,"column":23},"end":{"line":102,"column":39}},"24":{"start":{"line":103,"column":8},"end":{"line":115,"column":9}},"25":{"start":{"line":105,"column":12},"end":{"line":105,"column":22}},"26":{"start":{"line":108,"column":12},"end":{"line":108,"column":64}},"27":{"start":{"line":108,"column":43},"end":{"line":108,"column":61}},"28":{"start":{"line":111,"column":12},"end":{"line":111,"column":60}},"29":{"start":{"line":111,"column":41},"end":{"line":111,"column":57}},"30":{"start":{"line":114,"column":12},"end":{"line":114,"column":42}},"31":{"start":{"line":127,"column":4},"end":{"line":129,"column":5}},"32":{"start":{"line":128,"column":8},"end":{"line":128,"column":47}},"33":{"start":{"line":131,"column":4},"end":{"line":140,"column":5}},"34":{"start":{"line":132,"column":21},"end":{"line":132,"column":45}},"35":{"start":{"line":133,"column":8},"end":{"line":139,"column":9}},"36":{"start":{"line":134,"column":12},"end":{"line":136,"column":13}},"37":{"start":{"line":135,"column":16},"end":{"line":135,"column":75}},"38":{"start":{"line":138,"column":10},"end":{"line":138,"column":39}},"39":{"start":{"line":152,"column":15},"end":{"line":152,"column":42}},"40":{"start":{"line":153,"column":4},"end":{"line":156,"column":5}},"41":{"start":{"line":154,"column":20},"end":{"line":154,"column":57}},"42":{"start":{"line":155,"column":8},"end":{"line":155,"column":70}},"43":{"start":{"line":169,"column":4},"end":{"line":169,"column":54}},"44":{"start":{"line":169,"column":43},"end":{"line":169,"column":54}},"45":{"start":{"line":171,"column":4},"end":{"line":180,"column":5}},"46":{"start":{"line":172,"column":9},"end":{"line":179,"column":25}},"47":{"start":{"line":174,"column":12},"end":{"line":176,"column":13}},"48":{"start":{"line":175,"column":16},"end":{"line":175,"column":36}},"49":{"start":{"line":177,"column":12},"end":{"line":177,"column":22}},"50":{"start":{"line":182,"column":4},"end":{"line":189,"column":5}},"51":{"start":{"line":183,"column":8},"end":{"line":187,"column":9}},"52":{"start":{"line":184,"column":12},"end":{"line":186,"column":13}},"53":{"start":{"line":185,"column":16},"end":{"line":185,"column":40}},"54":{"start":{"line":191,"column":4},"end":{"line":191,"column":15}},"55":{"start":{"line":203,"column":4},"end":{"line":205,"column":5}},"56":{"start":{"line":204,"column":8},"end":{"line":204,"column":81}},"57":{"start":{"line":210,"column":4},"end":{"line":234,"column":5}},"58":{"start":{"line":212,"column":8},"end":{"line":212,"column":62}},"59":{"start":{"line":212,"column":28},"end":{"line":212,"column":60}},"60":{"start":{"line":214,"column":8},"end":{"line":214,"column":64}},"61":{"start":{"line":214,"column":30},"end":{"line":214,"column":62}},"62":{"start":{"line":216,"column":8},"end":{"line":216,"column":68}},"63":{"start":{"line":216,"column":34},"end":{"line":216,"column":66}},"64":{"start":{"line":218,"column":8},"end":{"line":218,"column":71}},"65":{"start":{"line":218,"column":37},"end":{"line":218,"column":69}},"66":{"start":{"line":220,"column":8},"end":{"line":220,"column":76}},"67":{"start":{"line":220,"column":42},"end":{"line":220,"column":74}},"68":{"start":{"line":222,"column":8},"end":{"line":222,"column":80}},"69":{"start":{"line":222,"column":46},"end":{"line":222,"column":78}},"70":{"start":{"line":224,"column":8},"end":{"line":224,"column":84}},"71":{"start":{"line":224,"column":50},"end":{"line":224,"column":82}},"72":{"start":{"line":226,"column":8},"end":{"line":226,"column":88}},"73":{"start":{"line":226,"column":54},"end":{"line":226,"column":86}},"74":{"start":{"line":228,"column":8},"end":{"line":228,"column":92}},"75":{"start":{"line":228,"column":58},"end":{"line":228,"column":90}},"76":{"start":{"line":230,"column":8},"end":{"line":230,"column":96}},"77":{"start":{"line":230,"column":62},"end":{"line":230,"column":94}},"78":{"start":{"line":232,"column":8},"end":{"line":232,"column":100}},"79":{"start":{"line":232,"column":66},"end":{"line":232,"column":98}},"80":{"start":{"line":233,"column":17},"end":{"line":233,"column":112}},"81":{"start":{"line":239,"column":4},"end":{"line":239,"column":23}},"82":{"start":{"line":250,"column":4},"end":{"line":258,"column":10}},"83":{"start":{"line":251,"column":18},"end":{"line":251,"column":32}},"84":{"start":{"line":251,"column":43},"end":{"line":251,"column":45}},"85":{"start":{"line":252,"column":8},"end":{"line":255,"column":9}},"86":{"start":{"line":253,"column":12},"end":{"line":253,"column":36}},"87":{"start":{"line":254,"column":12},"end":{"line":254,"column":19}},"88":{"start":{"line":256,"column":8},"end":{"line":256,"column":22}}},"fnMap":{"0":{"name":"_isFunction","decl":{"start":{"line":4,"column":16},"end":{"line":4,"column":27}},"loc":{"start":{"line":4,"column":32},"end":{"line":6,"column":1}},"line":4},"1":{"name":"_isArray","decl":{"start":{"line":8,"column":17},"end":{"line":8,"column":25}},"loc":{"start":{"line":8,"column":30},"end":{"line":10,"column":1}},"line":8},"2":{"name":"_isObject","decl":{"start":{"line":12,"column":16},"end":{"line":12,"column":25}},"loc":{"start":{"line":12,"column":29},"end":{"line":14,"column":1}},"line":12},"3":{"name":"_isNumber","decl":{"start":{"line":16,"column":16},"end":{"line":16,"column":25}},"loc":{"start":{"line":16,"column":29},"end":{"line":18,"column":1}},"line":16},"4":{"name":"_isRegExp","decl":{"start":{"line":20,"column":16},"end":{"line":20,"column":25}},"loc":{"start":{"line":20,"column":29},"end":{"line":22,"column":1}},"line":20},"5":{"name":"_checkMethod","decl":{"start":{"line":34,"column":16},"end":{"line":34,"column":28}},"loc":{"start":{"line":34,"column":44},"end":{"line":45,"column":1}},"line":34},"6":{"name":"(anonymous_6)","decl":{"start":{"line":35,"column":11},"end":{"line":35,"column":12}},"loc":{"start":{"line":35,"column":22},"end":{"line":44,"column":5}},"line":35},"7":{"name":"_curry1","decl":{"start":{"line":55,"column":16},"end":{"line":55,"column":23}},"loc":{"start":{"line":55,"column":28},"end":{"line":62,"column":1}},"line":55},"8":{"name":"f","decl":{"start":{"line":56,"column":20},"end":{"line":56,"column":21}},"loc":{"start":{"line":56,"column":25},"end":{"line":60,"column":5}},"line":56},"9":{"name":"_curry2","decl":{"start":{"line":72,"column":16},"end":{"line":72,"column":23}},"loc":{"start":{"line":72,"column":28},"end":{"line":89,"column":1}},"line":72},"10":{"name":"f2","decl":{"start":{"line":73,"column":20},"end":{"line":73,"column":22}},"loc":{"start":{"line":73,"column":29},"end":{"line":88,"column":5}},"line":73},"11":{"name":"(anonymous_11)","decl":{"start":{"line":81,"column":28},"end":{"line":81,"column":29}},"loc":{"start":{"line":81,"column":40},"end":{"line":81,"column":57}},"line":81},"12":{"name":"_curry3","decl":{"start":{"line":100,"column":16},"end":{"line":100,"column":23}},"loc":{"start":{"line":100,"column":28},"end":{"line":117,"column":1}},"line":100},"13":{"name":"f3","decl":{"start":{"line":101,"column":20},"end":{"line":101,"column":22}},"loc":{"start":{"line":101,"column":30},"end":{"line":116,"column":5}},"line":101},"14":{"name":"(anonymous_14)","decl":{"start":{"line":108,"column":27},"end":{"line":108,"column":28}},"loc":{"start":{"line":108,"column":41},"end":{"line":108,"column":62}},"line":108},"15":{"name":"(anonymous_15)","decl":{"start":{"line":111,"column":27},"end":{"line":111,"column":28}},"loc":{"start":{"line":111,"column":39},"end":{"line":111,"column":58}},"line":111},"16":{"name":"_curryN","decl":{"start":{"line":126,"column":16},"end":{"line":126,"column":23}},"loc":{"start":{"line":126,"column":28},"end":{"line":141,"column":1}},"line":126},"17":{"name":"f","decl":{"start":{"line":131,"column":20},"end":{"line":131,"column":21}},"loc":{"start":{"line":131,"column":24},"end":{"line":140,"column":5}},"line":131},"18":{"name":"(anonymous_18)","decl":{"start":{"line":134,"column":19},"end":{"line":134,"column":20}},"loc":{"start":{"line":134,"column":30},"end":{"line":136,"column":13}},"line":134},"19":{"name":"_partial","decl":{"start":{"line":151,"column":16},"end":{"line":151,"column":24}},"loc":{"start":{"line":151,"column":29},"end":{"line":157,"column":1}},"line":151},"20":{"name":"g","decl":{"start":{"line":153,"column":20},"end":{"line":153,"column":21}},"loc":{"start":{"line":153,"column":25},"end":{"line":156,"column":5}},"line":153},"21":{"name":"_forEach","decl":{"start":{"line":167,"column":16},"end":{"line":167,"column":24}},"loc":{"start":{"line":167,"column":40},"end":{"line":193,"column":1}},"line":167},"22":{"name":"forEach","decl":{"start":{"line":172,"column":42},"end":{"line":172,"column":49}},"loc":{"start":{"line":172,"column":65},"end":{"line":179,"column":9}},"line":172},"23":{"name":"_pipe","decl":{"start":{"line":202,"column":16},"end":{"line":202,"column":21}},"loc":{"start":{"line":202,"column":29},"end":{"line":206,"column":1}},"line":202},"24":{"name":"(anonymous_24)","decl":{"start":{"line":203,"column":11},"end":{"line":203,"column":12}},"loc":{"start":{"line":203,"column":22},"end":{"line":205,"column":5}},"line":203},"25":{"name":"_arity","decl":{"start":{"line":209,"column":16},"end":{"line":209,"column":22}},"loc":{"start":{"line":209,"column":31},"end":{"line":235,"column":1}},"line":209},"26":{"name":"(anonymous_26)","decl":{"start":{"line":212,"column":15},"end":{"line":212,"column":16}},"loc":{"start":{"line":212,"column":26},"end":{"line":212,"column":61}},"line":212},"27":{"name":"(anonymous_27)","decl":{"start":{"line":214,"column":15},"end":{"line":214,"column":16}},"loc":{"start":{"line":214,"column":28},"end":{"line":214,"column":63}},"line":214},"28":{"name":"(anonymous_28)","decl":{"start":{"line":216,"column":15},"end":{"line":216,"column":16}},"loc":{"start":{"line":216,"column":32},"end":{"line":216,"column":67}},"line":216},"29":{"name":"(anonymous_29)","decl":{"start":{"line":218,"column":15},"end":{"line":218,"column":16}},"loc":{"start":{"line":218,"column":35},"end":{"line":218,"column":70}},"line":218},"30":{"name":"(anonymous_30)","decl":{"start":{"line":220,"column":15},"end":{"line":220,"column":16}},"loc":{"start":{"line":220,"column":40},"end":{"line":220,"column":75}},"line":220},"31":{"name":"(anonymous_31)","decl":{"start":{"line":222,"column":15},"end":{"line":222,"column":16}},"loc":{"start":{"line":222,"column":44},"end":{"line":222,"column":79}},"line":222},"32":{"name":"(anonymous_32)","decl":{"start":{"line":224,"column":15},"end":{"line":224,"column":16}},"loc":{"start":{"line":224,"column":48},"end":{"line":224,"column":83}},"line":224},"33":{"name":"(anonymous_33)","decl":{"start":{"line":226,"column":15},"end":{"line":226,"column":16}},"loc":{"start":{"line":226,"column":52},"end":{"line":226,"column":87}},"line":226},"34":{"name":"(anonymous_34)","decl":{"start":{"line":228,"column":15},"end":{"line":228,"column":16}},"loc":{"start":{"line":228,"column":56},"end":{"line":228,"column":91}},"line":228},"35":{"name":"(anonymous_35)","decl":{"start":{"line":230,"column":15},"end":{"line":230,"column":16}},"loc":{"start":{"line":230,"column":60},"end":{"line":230,"column":95}},"line":230},"36":{"name":"(anonymous_36)","decl":{"start":{"line":232,"column":15},"end":{"line":232,"column":16}},"loc":{"start":{"line":232,"column":64},"end":{"line":232,"column":99}},"line":232},"37":{"name":"_tail","decl":{"start":{"line":238,"column":16},"end":{"line":238,"column":21}},"loc":{"start":{"line":238,"column":27},"end":{"line":240,"column":1}},"line":238},"38":{"name":"_initial","decl":{"start":{"line":249,"column":16},"end":{"line":249,"column":24}},"loc":{"start":{"line":249,"column":30},"end":{"line":260,"column":1}},"line":249},"39":{"name":"(anonymous_39)","decl":{"start":{"line":250,"column":33},"end":{"line":250,"column":34}},"loc":{"start":{"line":250,"column":45},"end":{"line":258,"column":5}},"line":250}},"branchMap":{"0":{"loc":{"start":{"line":9,"column":10},"end":{"line":9,"column":98}},"type":"cond-expr","locations":[{"start":{"line":9,"column":26},"end":{"line":9,"column":42}},{"start":{"line":9,"column":44},"end":{"line":9,"column":98}}],"line":9},"1":{"loc":{"start":{"line":38,"column":8},"end":{"line":38,"column":34}},"type":"if","locations":[{"start":{"line":38,"column":8},"end":{"line":38,"column":34}},{"start":{"line":38,"column":8},"end":{"line":38,"column":34}}],"line":38},"2":{"loc":{"start":{"line":42,"column":15},"end":{"line":42,"column":180}},"type":"cond-expr","locations":[{"start":{"line":42,"column":74},"end":{"line":42,"column":99}},{"start":{"line":42,"column":102},"end":{"line":42,"column":180}}],"line":42},"3":{"loc":{"start":{"line":42,"column":16},"end":{"line":42,"column":70}},"type":"binary-expr","locations":[{"start":{"line":42,"column":16},"end":{"line":42,"column":29}},{"start":{"line":42,"column":33},"end":{"line":42,"column":70}}],"line":42},"4":{"loc":{"start":{"line":57,"column":8},"end":{"line":57,"column":44}},"type":"if","locations":[{"start":{"line":57,"column":8},"end":{"line":57,"column":44}},{"start":{"line":57,"column":8},"end":{"line":57,"column":44}}],"line":57},"5":{"loc":{"start":{"line":76,"column":8},"end":{"line":87,"column":9}},"type":"switch","locations":[{"start":{"line":77,"column":12},"end":{"line":78,"column":22}},{"start":{"line":80,"column":12},"end":{"line":81,"column":60}},{"start":{"line":83,"column":12},"end":{"line":85,"column":39}}],"line":76},"6":{"loc":{"start":{"line":103,"column":8},"end":{"line":115,"column":9}},"type":"switch","locations":[{"start":{"line":104,"column":12},"end":{"line":105,"column":22}},{"start":{"line":107,"column":12},"end":{"line":108,"column":64}},{"start":{"line":110,"column":12},"end":{"line":111,"column":60}},{"start":{"line":113,"column":12},"end":{"line":114,"column":42}}],"line":103},"7":{"loc":{"start":{"line":127,"column":4},"end":{"line":129,"column":5}},"type":"if","locations":[{"start":{"line":127,"column":4},"end":{"line":129,"column":5}},{"start":{"line":127,"column":4},"end":{"line":129,"column":5}}],"line":127},"8":{"loc":{"start":{"line":133,"column":8},"end":{"line":139,"column":9}},"type":"if","locations":[{"start":{"line":133,"column":8},"end":{"line":139,"column":9}},{"start":{"line":133,"column":8},"end":{"line":139,"column":9}}],"line":133},"9":{"loc":{"start":{"line":155,"column":16},"end":{"line":155,"column":69}},"type":"cond-expr","locations":[{"start":{"line":155,"column":44},"end":{"line":155,"column":45}},{"start":{"line":155,"column":48},"end":{"line":155,"column":69}}],"line":155},"10":{"loc":{"start":{"line":169,"column":4},"end":{"line":169,"column":54}},"type":"if","locations":[{"start":{"line":169,"column":4},"end":{"line":169,"column":54}},{"start":{"line":169,"column":4},"end":{"line":169,"column":54}}],"line":169},"11":{"loc":{"start":{"line":169,"column":7},"end":{"line":169,"column":40}},"type":"binary-expr","locations":[{"start":{"line":169,"column":7},"end":{"line":169,"column":21}},{"start":{"line":169,"column":25},"end":{"line":169,"column":40}}],"line":169},"12":{"loc":{"start":{"line":171,"column":4},"end":{"line":180,"column":5}},"type":"if","locations":[{"start":{"line":171,"column":4},"end":{"line":180,"column":5}},{"start":{"line":171,"column":4},"end":{"line":180,"column":5}}],"line":171},"13":{"loc":{"start":{"line":182,"column":4},"end":{"line":189,"column":5}},"type":"if","locations":[{"start":{"line":182,"column":4},"end":{"line":189,"column":5}},{"start":{"line":182,"column":4},"end":{"line":189,"column":5}}],"line":182},"14":{"loc":{"start":{"line":184,"column":12},"end":{"line":186,"column":13}},"type":"if","locations":[{"start":{"line":184,"column":12},"end":{"line":186,"column":13}},{"start":{"line":184,"column":12},"end":{"line":186,"column":13}}],"line":184},"15":{"loc":{"start":{"line":210,"column":4},"end":{"line":234,"column":5}},"type":"switch","locations":[{"start":{"line":211,"column":8},"end":{"line":212,"column":62}},{"start":{"line":213,"column":8},"end":{"line":214,"column":64}},{"start":{"line":215,"column":8},"end":{"line":216,"column":68}},{"start":{"line":217,"column":8},"end":{"line":218,"column":71}},{"start":{"line":219,"column":8},"end":{"line":220,"column":76}},{"start":{"line":221,"column":8},"end":{"line":222,"column":80}},{"start":{"line":223,"column":8},"end":{"line":224,"column":84}},{"start":{"line":225,"column":8},"end":{"line":226,"column":88}},{"start":{"line":227,"column":8},"end":{"line":228,"column":92}},{"start":{"line":229,"column":8},"end":{"line":230,"column":96}},{"start":{"line":231,"column":8},"end":{"line":232,"column":100}},{"start":{"line":233,"column":8},"end":{"line":233,"column":112}}],"line":210}},"s":{"0":1,"1":22,"2":5,"3":0,"4":0,"5":8,"6":11,"7":11,"8":0,"9":11,"10":11,"11":12,"12":15,"13":1,"14":14,"15":9,"16":13,"17":13,"18":0,"19":7,"20":7,"21":6,"22":7,"23":17,"24":17,"25":0,"26":5,"27":5,"28":3,"29":3,"30":9,"31":1,"32":0,"33":1,"34":6,"35":6,"36":3,"37":3,"38":3,"39":0,"40":0,"41":0,"42":0,"43":4,"44":0,"45":4,"46":3,"47":3,"48":11,"49":3,"50":4,"51":1,"52":2,"53":2,"54":4,"55":21,"56":11,"57":8,"58":0,"59":0,"60":0,"61":0,"62":3,"63":3,"64":4,"65":4,"66":0,"67":0,"68":0,"69":0,"70":0,"71":0,"72":0,"73":0,"74":0,"75":0,"76":0,"77":0,"78":0,"79":0,"80":1,"81":4,"82":4,"83":4,"84":4,"85":4,"86":6,"87":6,"88":4},"f":{"0":1,"1":22,"2":5,"3":0,"4":0,"5":8,"6":11,"7":12,"8":15,"9":9,"10":13,"11":7,"12":7,"13":17,"14":5,"15":3,"16":1,"17":6,"18":3,"19":0,"20":0,"21":4,"22":3,"23":21,"24":11,"25":8,"26":0,"27":0,"28":3,"29":4,"30":0,"31":0,"32":0,"33":0,"34":0,"35":0,"36":0,"37":4,"38":4,"39":4},"b":{"0":[22,0],"1":[0,11],"2":[11,0],"3":[11,6],"4":[1,14],"5":[0,7,6],"6":[0,5,3,9],"7":[0,1],"8":[3,3],"9":[0,0],"10":[0,4],"11":[4,1],"12":[3,1],"13":[1,3],"14":[2,0],"15":[0,0,3,4,0,0,0,0,0,0,0,1]},"_coverageSchema":"332fd63041d2c1bcb487cc26dd0d5f7d97098a6c","hash":"f6eff51a263093df6512d2c52367e7070a9920b2"}
}
