{"/Users/jiameng/Desktop/Mengt/src/compose.js": {"path":"/Users/jiameng/Desktop/Mengt/src/compose.js","statementMap":{"0":{"start":{"line":14,"column":16},"end":{"line":26,"column":2}},"1":{"start":{"line":15,"column":4},"end":{"line":25,"column":5}},"2":{"start":{"line":17,"column":6},"end":{"line":20,"column":19}},"3":{"start":{"line":18,"column":10},"end":{"line":18,"column":29}},"4":{"start":{"line":19,"column":8},"end":{"line":19,"column":32}}},"fnMap":{"0":{"name":"compose","decl":{"start":{"line":14,"column":34},"end":{"line":14,"column":41}},"loc":{"start":{"line":14,"column":50},"end":{"line":26,"column":1}},"line":14},"1":{"name":"(anonymous_1)","decl":{"start":{"line":15,"column":11},"end":{"line":15,"column":12}},"loc":{"start":{"line":15,"column":29},"end":{"line":25,"column":5}},"line":15},"2":{"name":"(anonymous_2)","decl":{"start":{"line":17,"column":25},"end":{"line":17,"column":26}},"loc":{"start":{"line":17,"column":42},"end":{"line":20,"column":7}},"line":17}},"branchMap":{},"s":{"0":1,"1":1,"2":1,"3":0,"4":0},"f":{"0":1,"1":1,"2":0},"b":{},"_coverageSchema":"332fd63041d2c1bcb487cc26dd0d5f7d97098a6c","hash":"76229422f7a6fffd3bb3a66cb84521f5a079bcca"}
,"/Users/jiameng/Desktop/Mengt/src/forEach.js": {"path":"/Users/jiameng/Desktop/Mengt/src/forEach.js","statementMap":{"0":{"start":{"line":8,"column":16},"end":{"line":15,"column":3}},"1":{"start":{"line":9,"column":4},"end":{"line":12,"column":5}},"2":{"start":{"line":11,"column":6},"end":{"line":11,"column":26}},"3":{"start":{"line":13,"column":4},"end":{"line":13,"column":15}}},"fnMap":{"0":{"name":"forEach","decl":{"start":{"line":8,"column":57},"end":{"line":8,"column":64}},"loc":{"start":{"line":8,"column":81},"end":{"line":15,"column":1}},"line":8}},"branchMap":{},"s":{"0":1,"1":2,"2":8,"3":2},"f":{"0":2},"b":{},"_coverageSchema":"332fd63041d2c1bcb487cc26dd0d5f7d97098a6c","hash":"028e85ed82eb402d7a893094435d81d837e8f9ff"}
,"/Users/jiameng/Desktop/Mengt/src/reduce.js": {"path":"/Users/jiameng/Desktop/Mengt/src/reduce.js","statementMap":{"0":{"start":{"line":11,"column":15},"end":{"line":22,"column":3}},"1":{"start":{"line":13,"column":4},"end":{"line":14,"column":41}},"2":{"start":{"line":13,"column":33},"end":{"line":13,"column":62}},"3":{"start":{"line":14,"column":9},"end":{"line":14,"column":41}},"4":{"start":{"line":16,"column":4},"end":{"line":19,"column":5}},"5":{"start":{"line":17,"column":8},"end":{"line":17,"column":49}},"6":{"start":{"line":18,"column":8},"end":{"line":18,"column":16}},"7":{"start":{"line":21,"column":4},"end":{"line":21,"column":22}}},"fnMap":{"0":{"name":"(anonymous_0)","decl":{"start":{"line":11,"column":46},"end":{"line":11,"column":47}},"loc":{"start":{"line":11,"column":71},"end":{"line":22,"column":1}},"line":11}},"branchMap":{"0":{"loc":{"start":{"line":13,"column":4},"end":{"line":14,"column":41}},"type":"if","locations":[{"start":{"line":13,"column":4},"end":{"line":14,"column":41}},{"start":{"line":13,"column":4},"end":{"line":14,"column":41}}],"line":13}},"s":{"0":2,"1":2,"2":0,"3":2,"4":2,"5":3,"6":3,"7":2},"f":{"0":2},"b":{"0":[0,2]},"_coverageSchema":"332fd63041d2c1bcb487cc26dd0d5f7d97098a6c","hash":"40ab1360b693a64e437448971e6dd7c2d15a2889"}
,"/Users/jiameng/Desktop/Mengt/src/reduceRight.js": {"path":"/Users/jiameng/Desktop/Mengt/src/reduceRight.js","statementMap":{"0":{"start":{"line":10,"column":20},"end":{"line":21,"column":2}},"1":{"start":{"line":12,"column":4},"end":{"line":13,"column":50}},"2":{"start":{"line":12,"column":27},"end":{"line":12,"column":85}},"3":{"start":{"line":13,"column":9},"end":{"line":13,"column":50}},"4":{"start":{"line":15,"column":4},"end":{"line":18,"column":5}},"5":{"start":{"line":16,"column":8},"end":{"line":16,"column":47}},"6":{"start":{"line":17,"column":8},"end":{"line":17,"column":15}},"7":{"start":{"line":20,"column":4},"end":{"line":20,"column":22}}},"fnMap":{"0":{"name":"(anonymous_0)","decl":{"start":{"line":10,"column":28},"end":{"line":10,"column":29}},"loc":{"start":{"line":10,"column":53},"end":{"line":21,"column":1}},"line":10}},"branchMap":{"0":{"loc":{"start":{"line":12,"column":4},"end":{"line":13,"column":50}},"type":"if","locations":[{"start":{"line":12,"column":4},"end":{"line":13,"column":50}},{"start":{"line":12,"column":4},"end":{"line":13,"column":50}}],"line":12}},"s":{"0":1,"1":1,"2":1,"3":0,"4":1,"5":3,"6":3,"7":1},"f":{"0":1},"b":{"0":[1,0]},"_coverageSchema":"332fd63041d2c1bcb487cc26dd0d5f7d97098a6c","hash":"9388c32f6400ada749c5644e0738420ebb28bc01"}
,"/Users/jiameng/Desktop/Mengt/src/utils/index.js": {"path":"/Users/jiameng/Desktop/Mengt/src/utils/index.js","statementMap":{"0":{"start":{"line":5,"column":4},"end":{"line":5,"column":68}},"1":{"start":{"line":9,"column":2},"end":{"line":9,"column":98}},"2":{"start":{"line":13,"column":4},"end":{"line":13,"column":66}},"3":{"start":{"line":17,"column":4},"end":{"line":17,"column":67}},"4":{"start":{"line":21,"column":4},"end":{"line":21,"column":67}},"5":{"start":{"line":32,"column":4},"end":{"line":41,"column":5}},"6":{"start":{"line":33,"column":20},"end":{"line":33,"column":36}},"7":{"start":{"line":37,"column":20},"end":{"line":37,"column":36}},"8":{"start":{"line":39,"column":8},"end":{"line":39,"column":180}},"9":{"start":{"line":51,"column":4},"end":{"line":55,"column":5}},"10":{"start":{"line":52,"column":8},"end":{"line":52,"column":44}},"11":{"start":{"line":52,"column":35},"end":{"line":52,"column":44}},"12":{"start":{"line":54,"column":8},"end":{"line":54,"column":32}},"13":{"start":{"line":66,"column":4},"end":{"line":81,"column":5}},"14":{"start":{"line":67,"column":23},"end":{"line":67,"column":39}},"15":{"start":{"line":69,"column":8},"end":{"line":80,"column":9}},"16":{"start":{"line":71,"column":12},"end":{"line":71,"column":22}},"17":{"start":{"line":74,"column":12},"end":{"line":74,"column":60}},"18":{"start":{"line":74,"column":41},"end":{"line":74,"column":56}},"19":{"start":{"line":78,"column":12},"end":{"line":78,"column":39}},"20":{"start":{"line":91,"column":4},"end":{"line":106,"column":5}},"21":{"start":{"line":92,"column":23},"end":{"line":92,"column":39}},"22":{"start":{"line":93,"column":8},"end":{"line":105,"column":9}},"23":{"start":{"line":95,"column":12},"end":{"line":95,"column":22}},"24":{"start":{"line":98,"column":12},"end":{"line":98,"column":64}},"25":{"start":{"line":98,"column":43},"end":{"line":98,"column":61}},"26":{"start":{"line":100,"column":12},"end":{"line":101,"column":60}},"27":{"start":{"line":101,"column":12},"end":{"line":101,"column":60}},"28":{"start":{"line":101,"column":41},"end":{"line":101,"column":57}},"29":{"start":{"line":104,"column":12},"end":{"line":104,"column":42}},"30":{"start":{"line":115,"column":4},"end":{"line":117,"column":5}},"31":{"start":{"line":116,"column":8},"end":{"line":116,"column":47}},"32":{"start":{"line":119,"column":4},"end":{"line":128,"column":5}},"33":{"start":{"line":120,"column":21},"end":{"line":120,"column":45}},"34":{"start":{"line":121,"column":8},"end":{"line":127,"column":9}},"35":{"start":{"line":122,"column":12},"end":{"line":124,"column":13}},"36":{"start":{"line":123,"column":16},"end":{"line":123,"column":75}},"37":{"start":{"line":126,"column":10},"end":{"line":126,"column":39}}},"fnMap":{"0":{"name":"_isFunction","decl":{"start":{"line":4,"column":16},"end":{"line":4,"column":27}},"loc":{"start":{"line":4,"column":32},"end":{"line":6,"column":1}},"line":4},"1":{"name":"_isArray","decl":{"start":{"line":8,"column":17},"end":{"line":8,"column":25}},"loc":{"start":{"line":8,"column":30},"end":{"line":10,"column":1}},"line":8},"2":{"name":"_isObject","decl":{"start":{"line":12,"column":16},"end":{"line":12,"column":25}},"loc":{"start":{"line":12,"column":29},"end":{"line":14,"column":1}},"line":12},"3":{"name":"_isNumber","decl":{"start":{"line":16,"column":16},"end":{"line":16,"column":25}},"loc":{"start":{"line":16,"column":29},"end":{"line":18,"column":1}},"line":16},"4":{"name":"_isRegExp","decl":{"start":{"line":20,"column":16},"end":{"line":20,"column":25}},"loc":{"start":{"line":20,"column":29},"end":{"line":22,"column":1}},"line":20},"5":{"name":"_checkMethod","decl":{"start":{"line":31,"column":16},"end":{"line":31,"column":28}},"loc":{"start":{"line":31,"column":44},"end":{"line":42,"column":1}},"line":31},"6":{"name":"(anonymous_6)","decl":{"start":{"line":32,"column":11},"end":{"line":32,"column":12}},"loc":{"start":{"line":32,"column":22},"end":{"line":41,"column":5}},"line":32},"7":{"name":"_curry1","decl":{"start":{"line":50,"column":16},"end":{"line":50,"column":23}},"loc":{"start":{"line":50,"column":28},"end":{"line":57,"column":1}},"line":50},"8":{"name":"f","decl":{"start":{"line":51,"column":20},"end":{"line":51,"column":21}},"loc":{"start":{"line":51,"column":25},"end":{"line":55,"column":5}},"line":51},"9":{"name":"_curry2","decl":{"start":{"line":65,"column":16},"end":{"line":65,"column":23}},"loc":{"start":{"line":65,"column":28},"end":{"line":82,"column":1}},"line":65},"10":{"name":"f2","decl":{"start":{"line":66,"column":20},"end":{"line":66,"column":22}},"loc":{"start":{"line":66,"column":29},"end":{"line":81,"column":5}},"line":66},"11":{"name":"(anonymous_11)","decl":{"start":{"line":74,"column":28},"end":{"line":74,"column":29}},"loc":{"start":{"line":74,"column":40},"end":{"line":74,"column":57}},"line":74},"12":{"name":"_curry3","decl":{"start":{"line":90,"column":16},"end":{"line":90,"column":23}},"loc":{"start":{"line":90,"column":28},"end":{"line":107,"column":1}},"line":90},"13":{"name":"f3","decl":{"start":{"line":91,"column":20},"end":{"line":91,"column":22}},"loc":{"start":{"line":91,"column":30},"end":{"line":106,"column":5}},"line":91},"14":{"name":"(anonymous_14)","decl":{"start":{"line":98,"column":27},"end":{"line":98,"column":28}},"loc":{"start":{"line":98,"column":41},"end":{"line":98,"column":62}},"line":98},"15":{"name":"(anonymous_15)","decl":{"start":{"line":101,"column":27},"end":{"line":101,"column":28}},"loc":{"start":{"line":101,"column":39},"end":{"line":101,"column":58}},"line":101},"16":{"name":"_curryN","decl":{"start":{"line":114,"column":16},"end":{"line":114,"column":23}},"loc":{"start":{"line":114,"column":28},"end":{"line":129,"column":1}},"line":114},"17":{"name":"f","decl":{"start":{"line":119,"column":20},"end":{"line":119,"column":21}},"loc":{"start":{"line":119,"column":24},"end":{"line":128,"column":5}},"line":119},"18":{"name":"(anonymous_18)","decl":{"start":{"line":122,"column":19},"end":{"line":122,"column":20}},"loc":{"start":{"line":122,"column":30},"end":{"line":124,"column":13}},"line":122}},"branchMap":{"0":{"loc":{"start":{"line":9,"column":10},"end":{"line":9,"column":98}},"type":"cond-expr","locations":[{"start":{"line":9,"column":26},"end":{"line":9,"column":42}},{"start":{"line":9,"column":44},"end":{"line":9,"column":98}}],"line":9},"1":{"loc":{"start":{"line":39,"column":15},"end":{"line":39,"column":180}},"type":"cond-expr","locations":[{"start":{"line":39,"column":74},"end":{"line":39,"column":99}},{"start":{"line":39,"column":102},"end":{"line":39,"column":180}}],"line":39},"2":{"loc":{"start":{"line":39,"column":16},"end":{"line":39,"column":70}},"type":"binary-expr","locations":[{"start":{"line":39,"column":16},"end":{"line":39,"column":29}},{"start":{"line":39,"column":33},"end":{"line":39,"column":70}}],"line":39},"3":{"loc":{"start":{"line":52,"column":8},"end":{"line":52,"column":44}},"type":"if","locations":[{"start":{"line":52,"column":8},"end":{"line":52,"column":44}},{"start":{"line":52,"column":8},"end":{"line":52,"column":44}}],"line":52},"4":{"loc":{"start":{"line":69,"column":8},"end":{"line":80,"column":9}},"type":"switch","locations":[{"start":{"line":70,"column":12},"end":{"line":71,"column":22}},{"start":{"line":73,"column":12},"end":{"line":74,"column":60}},{"start":{"line":76,"column":12},"end":{"line":78,"column":39}}],"line":69},"5":{"loc":{"start":{"line":93,"column":8},"end":{"line":105,"column":9}},"type":"switch","locations":[{"start":{"line":94,"column":12},"end":{"line":95,"column":22}},{"start":{"line":97,"column":12},"end":{"line":101,"column":60}},{"start":{"line":103,"column":12},"end":{"line":104,"column":42}}],"line":93},"6":{"loc":{"start":{"line":115,"column":4},"end":{"line":117,"column":5}},"type":"if","locations":[{"start":{"line":115,"column":4},"end":{"line":117,"column":5}},{"start":{"line":115,"column":4},"end":{"line":117,"column":5}}],"line":115},"7":{"loc":{"start":{"line":121,"column":8},"end":{"line":127,"column":9}},"type":"if","locations":[{"start":{"line":121,"column":8},"end":{"line":127,"column":9}},{"start":{"line":121,"column":8},"end":{"line":127,"column":9}}],"line":121}},"s":{"0":2,"1":4,"2":0,"3":0,"4":0,"5":3,"6":4,"7":4,"8":4,"9":4,"10":6,"11":0,"12":6,"13":2,"14":4,"15":4,"16":0,"17":2,"18":2,"19":2,"20":3,"21":3,"22":3,"23":0,"24":0,"25":0,"26":0,"27":0,"28":0,"29":3,"30":2,"31":0,"32":2,"33":7,"34":7,"35":3,"36":3,"37":4},"f":{"0":2,"1":4,"2":0,"3":0,"4":0,"5":3,"6":4,"7":4,"8":6,"9":2,"10":4,"11":2,"12":3,"13":3,"14":0,"15":0,"16":2,"17":7,"18":3},"b":{"0":[4,0],"1":[4,0],"2":[4,0],"3":[0,6],"4":[0,2,2],"5":[0,0,3],"6":[0,2],"7":[3,4]},"_coverageSchema":"332fd63041d2c1bcb487cc26dd0d5f7d97098a6c","hash":"ddfa8587a5d35d03994863e540d84c8b173ddf16"}
}
