TN:
SF:/Users/jiameng/Desktop/Mengt/src/F.js
FN:7,F
FNF:1
FNH:1
FNDA:3,F
DA:7,3
LF:1
LH:1
BRF:0
BRH:0
end_of_record
TN:
SF:/Users/jiameng/Desktop/Mengt/src/T.js
FN:7,T
FNF:1
FNH:1
FNDA:3,T
DA:7,3
LF:1
LH:1
BRF:0
BRH:0
end_of_record
TN:
SF:/Users/jiameng/Desktop/Mengt/src/add.js
FN:16,(anonymous_0)
FNF:1
FNH:1
FNDA:15,(anonymous_0)
DA:16,18
DA:17,15
LF:2
LH:2
BRF:0
BRH:0
end_of_record
TN:
SF:/Users/jiameng/Desktop/Mengt/src/always.js
FN:15,always
FN:16,(anonymous_1)
FNF:2
FNH:0
FNDA:0,always
FNDA:0,(anonymous_1)
DA:15,18
DA:16,0
DA:17,0
LF:3
LH:1
BRF:0
BRH:0
end_of_record
TN:
SF:/Users/jiameng/Desktop/Mengt/src/clone.js
FN:11,_clone
FN:14,(anonymous_1)
FNF:2
FNH:0
FNDA:0,_clone
FNDA:0,(anonymous_1)
DA:12,0
DA:13,0
DA:14,0
LF:3
LH:0
BRDA:12,0,0,0
BRDA:12,0,1,0
BRDA:13,1,0,0
BRDA:13,1,1,0
BRF:4
BRH:0
end_of_record
TN:
SF:/Users/jiameng/Desktop/Mengt/src/compose.js
FN:14,(anonymous_0)
FNF:1
FNH:1
FNDA:4,(anonymous_0)
DA:14,19
DA:15,4
DA:16,4
LF:3
LH:3
BRF:0
BRH:0
end_of_record
TN:
SF:/Users/jiameng/Desktop/Mengt/src/curry.js
FN:12,curry
FNF:1
FNH:1
FNDA:4,curry
DA:12,19
DA:13,4
DA:14,0
DA:16,4
LF:4
LH:3
BRDA:13,0,0,0
BRDA:13,0,1,4
BRF:2
BRH:1
end_of_record
TN:
SF:/Users/jiameng/Desktop/Mengt/src/curryN.js
FN:12,curryN
FNF:1
FNH:1
FNDA:5,curryN
DA:12,19
DA:13,5
DA:14,1
DA:16,4
LF:4
LH:4
BRDA:13,0,0,1
BRDA:13,0,1,4
BRF:2
BRH:2
end_of_record
TN:
SF:/Users/jiameng/Desktop/Mengt/src/defaultTo.js
FN:15,(anonymous_0)
FNF:1
FNH:1
FNDA:13,(anonymous_0)
DA:15,19
DA:16,13
LF:2
LH:2
BRDA:16,0,0,5
BRDA:16,0,1,8
BRDA:16,1,0,13
BRDA:16,1,1,11
BRF:4
BRH:4
end_of_record
TN:
SF:/Users/jiameng/Desktop/Mengt/src/divide.js
FN:16,divide
FNF:1
FNH:1
FNDA:4,divide
DA:16,18
DA:17,4
LF:2
LH:2
BRF:0
BRH:0
end_of_record
TN:
SF:/Users/jiameng/Desktop/Mengt/src/forEach.js
FNF:0
FNH:0
DA:12,19
LF:1
LH:1
BRF:0
BRH:0
end_of_record
TN:
SF:/Users/jiameng/Desktop/Mengt/src/has.js
FN:17,(anonymous_0)
FNF:1
FNH:1
FNDA:67,(anonymous_0)
DA:17,33
DA:18,67
DA:19,63
LF:3
LH:3
BRDA:18,0,0,4
BRDA:18,0,1,63
BRDA:18,1,0,67
BRDA:18,1,1,64
BRF:4
BRH:4
end_of_record
TN:
SF:/Users/jiameng/Desktop/Mengt/src/head.js
FN:16,head
FNF:1
FNH:1
FNDA:5,head
DA:16,18
DA:17,5
DA:18,5
LF:3
LH:3
BRDA:18,0,0,2
BRDA:18,0,1,3
BRF:2
BRH:2
end_of_record
TN:
SF:/Users/jiameng/Desktop/Mengt/src/identity.js
FN:15,(anonymous_0)
FNF:1
FNH:1
FNDA:13,(anonymous_0)
DA:15,18
DA:16,13
LF:2
LH:2
BRF:0
BRH:0
end_of_record
TN:
SF:/Users/jiameng/Desktop/Mengt/src/index.js
FNF:0
FNH:0
LF:0
LH:0
BRF:0
BRH:0
end_of_record
TN:
SF:/Users/jiameng/Desktop/Mengt/src/isEmpty.js
FN:19,isEmpty
FNF:1
FNH:1
FNDA:16,isEmpty
DA:19,18
DA:20,16
DA:22,12
DA:23,3
DA:24,2
DA:27,1
LF:6
LH:6
BRDA:20,0,0,4
BRDA:20,0,1,12
BRDA:20,1,0,16
BRDA:20,1,1,14
BRDA:22,2,0,9
BRDA:22,2,1,3
BRF:6
BRH:6
end_of_record
TN:
SF:/Users/jiameng/Desktop/Mengt/src/isEquals.js
FN:3,(anonymous_0)
FNF:1
FNH:1
FNDA:62,(anonymous_0)
DA:3,18
DA:4,62
LF:2
LH:2
BRF:0
BRH:0
end_of_record
TN:
SF:/Users/jiameng/Desktop/Mengt/src/keys.js
FN:13,(anonymous_0)
FNF:1
FNH:1
FNDA:61,(anonymous_0)
DA:13,33
DA:14,61
DA:15,55
DA:17,52
DA:19,0
DA:20,0
DA:21,0
DA:22,0
DA:25,0
LF:9
LH:4
BRDA:14,0,0,6
BRDA:14,0,1,55
BRDA:15,1,0,3
BRDA:15,1,1,52
BRDA:17,2,0,52
BRDA:17,2,1,0
BRDA:21,3,0,0
BRDA:21,3,1,0
BRDA:21,4,0,0
BRDA:21,4,1,0
BRF:10
BRH:5
end_of_record
TN:
SF:/Users/jiameng/Desktop/Mengt/src/map.js
FN:20,(anonymous_0)
FN:24,(anonymous_1)
FN:28,(anonymous_2)
FNF:3
FNH:3
FNDA:9,(anonymous_0)
FNDA:1,(anonymous_1)
FNDA:3,(anonymous_2)
DA:20,18
DA:21,9
DA:23,7
DA:24,7
DA:25,1
DA:28,6
DA:29,3
DA:30,3
DA:33,4
LF:9
LH:9
BRDA:21,0,0,2
BRDA:21,0,1,7
BRDA:24,1,0,1
BRDA:24,1,1,6
BRDA:28,2,0,2
BRDA:28,2,1,4
BRDA:28,3,0,6
BRDA:28,3,1,3
BRF:8
BRH:8
end_of_record
TN:
SF:/Users/jiameng/Desktop/Mengt/src/multiply.js
FN:16,multiply
FNF:1
FNH:1
FNDA:16,multiply
DA:16,18
DA:17,16
LF:2
LH:2
BRF:0
BRH:0
end_of_record
TN:
SF:/Users/jiameng/Desktop/Mengt/src/omit.js
FN:14,(anonymous_0)
FNF:1
FNH:1
FNDA:2,(anonymous_0)
DA:14,18
DA:15,2
DA:16,2
DA:18,2
DA:20,2
DA:21,2
DA:24,2
DA:25,6
DA:26,4
DA:30,2
LF:10
LH:10
BRDA:16,0,0,0
BRDA:16,0,1,2
BRDA:25,1,0,4
BRDA:25,1,1,2
BRF:4
BRH:3
end_of_record
TN:
SF:/Users/jiameng/Desktop/Mengt/src/once.js
FN:13,once
FN:15,(anonymous_1)
FNF:2
FNH:2
FNDA:4,once
FNDA:6,(anonymous_1)
DA:13,19
DA:14,4
DA:15,4
DA:16,6
DA:17,3
DA:18,3
DA:19,3
DA:20,3
LF:8
LH:8
BRDA:16,0,0,3
BRDA:16,0,1,3
BRF:2
BRH:2
end_of_record
TN:
SF:/Users/jiameng/Desktop/Mengt/src/pipe.js
FN:13,(anonymous_0)
FNF:1
FNH:1
FNDA:4,(anonymous_0)
DA:13,19
DA:14,4
DA:15,4
LF:3
LH:3
BRF:0
BRH:0
end_of_record
TN:
SF:/Users/jiameng/Desktop/Mengt/src/reduce.js
FN:13,reduce
FNF:1
FNH:1
FNDA:8,reduce
DA:13,20
DA:16,8
DA:17,0
DA:19,8
DA:20,26
DA:21,26
DA:24,8
LF:7
LH:6
BRDA:16,0,0,8
BRDA:16,0,1,0
BRF:2
BRH:1
end_of_record
TN:
SF:/Users/jiameng/Desktop/Mengt/src/reduceRight.js
FN:13,(anonymous_0)
FNF:1
FNH:1
FNDA:7,(anonymous_0)
DA:13,20
DA:16,7
DA:17,7
DA:19,7
DA:20,18
DA:21,18
DA:24,7
LF:7
LH:7
BRDA:16,0,0,0
BRDA:16,0,1,7
BRF:2
BRH:1
end_of_record
TN:
SF:/Users/jiameng/Desktop/Mengt/src/revers.js
FN:15,(anonymous_0)
FNF:1
FNH:1
FNDA:4,(anonymous_0)
DA:15,21
DA:16,4
DA:19,4
DA:20,1
DA:21,1
DA:22,3
DA:23,3
DA:26,3
DA:27,2
DA:28,2
DA:29,2
DA:30,3
DA:31,3
DA:32,3
DA:36,1
DA:39,3
LF:16
LH:16
BRDA:19,0,0,1
BRDA:19,0,1,3
BRDA:26,1,0,2
BRDA:26,1,1,1
BRF:4
BRH:4
end_of_record
TN:
SF:/Users/jiameng/Desktop/Mengt/src/slice.js
FN:17,slice
FNF:1
FNH:1
FNDA:12,slice
DA:17,18
DA:18,12
LF:2
LH:2
BRF:0
BRH:0
end_of_record
TN:
SF:/Users/jiameng/Desktop/Mengt/src/sort.js
FN:13,sort
FNF:1
FNH:1
FNDA:2,sort
DA:13,18
DA:14,2
LF:2
LH:2
BRF:0
BRH:0
end_of_record
TN:
SF:/Users/jiameng/Desktop/Mengt/src/sortBy.js
FN:13,sortBy
FN:14,(anonymous_1)
FNF:2
FNH:2
FNDA:2,sortBy
FNDA:8,(anonymous_1)
DA:13,18
DA:14,2
DA:15,8
DA:16,8
LF:4
LH:4
BRDA:16,0,0,4
BRDA:16,0,1,4
BRDA:16,1,0,4
BRDA:16,1,1,0
BRF:4
BRH:3
end_of_record
TN:
SF:/Users/jiameng/Desktop/Mengt/src/subtract.js
FN:16,(anonymous_0)
FNF:1
FNH:1
FNDA:8,(anonymous_0)
DA:16,18
DA:17,8
LF:2
LH:2
BRF:0
BRH:0
end_of_record
TN:
SF:/Users/jiameng/Desktop/Mengt/src/tail.js
FN:20,(anonymous_0)
FNF:1
FNH:1
FNDA:9,(anonymous_0)
DA:20,18
DA:21,9
LF:2
LH:2
BRF:0
BRH:0
end_of_record
TN:
SF:/Users/jiameng/Desktop/Mengt/src/tap.js
FN:13,(anonymous_0)
FNF:1
FNH:1
FNDA:3,(anonymous_0)
DA:13,18
DA:14,3
DA:15,3
LF:3
LH:3
BRF:0
BRH:0
end_of_record
TN:
SF:/Users/jiameng/Desktop/Mengt/src/type.js
FN:18,type
FNF:1
FNH:1
FNDA:21,type
DA:18,19
DA:19,21
LF:2
LH:2
BRF:0
BRH:0
end_of_record
TN:
SF:/Users/jiameng/Desktop/Mengt/src/utils/index.js
FN:5,_isFunction
FN:9,_isArray
FN:13,_isObject
FN:17,_isNumber
FN:21,_isRegExp
FN:25,_isString
FN:39,_checkMethod
FN:40,(anonymous_7)
FN:59,_curry1
FN:60,f
FN:75,_curry2
FN:76,f2
FN:84,(anonymous_12)
FN:103,_curry3
FN:104,f3
FN:111,(anonymous_15)
FN:114,(anonymous_16)
FN:130,_curryN
FN:135,f
FN:138,(anonymous_19)
FN:155,_partial
FN:157,g
FN:171,_forEach
FN:176,forEach
FN:206,_pipe
FN:207,(anonymous_25)
FN:213,_arity
FN:216,(anonymous_27)
FN:218,(anonymous_28)
FN:220,(anonymous_29)
FN:222,(anonymous_30)
FN:224,(anonymous_31)
FN:226,(anonymous_32)
FN:228,(anonymous_33)
FN:230,(anonymous_34)
FN:232,(anonymous_35)
FN:234,(anonymous_36)
FN:236,(anonymous_37)
FN:248,_tail
FN:258,_initial
FN:259,(anonymous_40)
FN:279,_ObjectIs
FN:281,_objIs
FN:302,_isEquals
FN:376,_map
FNF:45
FNH:34
FNDA:174,_isFunction
FNDA:50,_isArray
FNDA:17,_isObject
FNDA:14,_isNumber
FNDA:0,_isRegExp
FNDA:5,_isString
FNDA:50,_checkMethod
FNDA:43,(anonymous_7)
FNDA:219,_curry1
FNDA:191,f
FNDA:276,_curry2
FNDA:203,f2
FNDA:45,(anonymous_12)
FNDA:59,_curry3
FNDA:47,f3
FNDA:5,(anonymous_15)
FNDA:7,(anonymous_16)
FNDA:5,_curryN
FNDA:19,f
FNDA:10,(anonymous_19)
FNDA:0,_partial
FNDA:0,g
FNDA:4,_forEach
FNDA:3,forEach
FNDA:21,_pipe
FNDA:11,(anonymous_25)
FNDA:16,_arity
FNDA:3,(anonymous_27)
FNDA:0,(anonymous_28)
FNDA:8,(anonymous_29)
FNDA:4,(anonymous_30)
FNDA:4,(anonymous_31)
FNDA:0,(anonymous_32)
FNDA:0,(anonymous_33)
FNDA:0,(anonymous_34)
FNDA:0,(anonymous_35)
FNDA:0,(anonymous_36)
FNDA:0,(anonymous_37)
FNDA:4,_tail
FNDA:4,_initial
FNDA:4,(anonymous_40)
FNDA:109,_ObjectIs
FNDA:0,_objIs
FNDA:90,_isEquals
FNDA:3,_map
DA:6,174
DA:10,50
DA:14,17
DA:18,14
DA:22,0
DA:26,5
DA:40,50
DA:41,43
DA:43,43
DA:45,39
DA:47,39
DA:60,219
DA:61,191
DA:62,190
DA:76,276
DA:77,203
DA:79,203
DA:81,0
DA:84,45
DA:88,174
DA:104,59
DA:105,47
DA:106,47
DA:108,0
DA:111,5
DA:114,7
DA:117,35
DA:131,5
DA:132,0
DA:135,5
DA:136,19
DA:137,19
DA:138,10
DA:139,10
DA:142,9
DA:156,0
DA:157,0
DA:158,0
DA:159,0
DA:173,4
DA:175,4
DA:176,3
DA:178,3
DA:179,11
DA:181,3
DA:186,4
DA:187,1
DA:188,2
DA:189,2
DA:195,4
DA:207,21
DA:208,11
DA:214,16
DA:216,3
DA:218,0
DA:220,8
DA:222,5
DA:224,4
DA:226,0
DA:228,0
DA:230,0
DA:232,0
DA:234,0
DA:236,0
DA:237,1
DA:249,4
DA:259,4
DA:261,4
DA:262,4
DA:263,6
DA:264,6
DA:266,4
DA:280,109
DA:282,0
DA:283,0
DA:285,0
DA:288,0
DA:290,109
DA:304,90
DA:305,26
DA:308,64
DA:311,64
DA:312,64
DA:315,62
DA:320,24
DA:324,4
DA:327,6
DA:331,5
DA:339,23
DA:342,23
DA:344,23
DA:347,20
DA:348,20
DA:349,17
DA:351,18
DA:352,18
DA:353,18
DA:354,18
DA:355,29
DA:356,29
DA:357,28
DA:363,18
DA:364,18
DA:366,18
DA:377,3
DA:378,3
DA:379,3
DA:380,3
DA:381,18
DA:382,18
DA:384,3
LF:111
LH:92
BRDA:10,0,0,50
BRDA:10,0,1,0
BRDA:43,1,0,4
BRDA:43,1,1,39
BRDA:47,2,0,22
BRDA:47,2,1,17
BRDA:47,3,0,39
BRDA:47,3,1,20
BRDA:61,4,0,1
BRDA:61,4,1,190
BRDA:79,5,0,0
BRDA:79,5,1,29
BRDA:79,5,2,174
BRDA:106,6,0,0
BRDA:106,6,1,5
BRDA:106,6,2,7
BRDA:106,6,3,35
BRDA:131,7,0,0
BRDA:131,7,1,5
BRDA:137,8,0,10
BRDA:137,8,1,9
BRDA:159,9,0,0
BRDA:159,9,1,0
BRDA:173,10,0,0
BRDA:173,10,1,4
BRDA:173,11,0,4
BRDA:173,11,1,1
BRDA:175,12,0,3
BRDA:175,12,1,1
BRDA:186,13,0,1
BRDA:186,13,1,3
BRDA:188,14,0,2
BRDA:188,14,1,0
BRDA:214,15,0,1
BRDA:214,15,1,0
BRDA:214,15,2,6
BRDA:214,15,3,5
BRDA:214,15,4,3
BRDA:214,15,5,0
BRDA:214,15,6,0
BRDA:214,15,7,0
BRDA:214,15,8,0
BRDA:214,15,9,0
BRDA:214,15,10,0
BRDA:214,15,11,1
BRDA:280,16,0,0
BRDA:280,16,1,109
BRDA:282,17,0,0
BRDA:282,17,1,0
BRDA:283,18,0,0
BRDA:283,18,1,0
BRDA:285,19,0,0
BRDA:285,19,1,0
BRDA:304,20,0,26
BRDA:304,20,1,64
BRDA:308,21,0,0
BRDA:308,21,1,64
BRDA:308,22,0,64
BRDA:308,22,1,64
BRDA:312,23,0,2
BRDA:312,23,1,62
BRDA:315,24,0,10
BRDA:315,24,1,19
BRDA:315,24,2,24
BRDA:315,24,3,4
BRDA:315,24,4,6
BRDA:315,24,5,5
BRDA:315,24,6,23
BRDA:320,25,0,24
BRDA:320,25,1,15
BRDA:327,26,0,6
BRDA:327,26,1,4
BRDA:331,27,0,5
BRDA:331,27,1,4
BRDA:331,27,2,3
BRDA:331,27,3,3
BRDA:331,27,4,3
BRDA:331,27,5,3
BRDA:342,28,0,0
BRDA:342,28,1,23
BRDA:342,29,0,23
BRDA:342,29,1,23
BRDA:344,30,0,3
BRDA:344,30,1,20
BRDA:349,31,0,2
BRDA:349,31,1,15
BRDA:355,32,0,29
BRDA:355,32,1,0
BRDA:356,33,0,28
BRDA:356,33,1,1
BRDA:357,34,0,28
BRDA:357,34,1,28
BRF:92
BRH:67
end_of_record
