TN:
SF:/Users/jiameng/Desktop/Mengt/src/compose.js
FN:14,compose
FN:15,(anonymous_1)
FN:17,(anonymous_2)
FNF:3
FNH:2
FNDA:1,compose
FNDA:1,(anonymous_1)
FNDA:0,(anonymous_2)
DA:14,1
DA:15,1
DA:17,1
DA:18,0
DA:19,0
LF:5
LH:3
BRF:0
BRH:0
end_of_record
TN:
SF:/Users/jiameng/Desktop/Mengt/src/forEach.js
FN:8,forEach
FNF:1
FNH:1
FNDA:2,forEach
DA:8,1
DA:9,2
DA:11,8
DA:13,2
LF:4
LH:4
BRF:0
BRH:0
end_of_record
TN:
SF:/Users/jiameng/Desktop/Mengt/src/reduce.js
FN:11,(anonymous_0)
FNF:1
FNH:1
FNDA:2,(anonymous_0)
DA:11,2
DA:13,2
DA:14,2
DA:16,2
DA:17,3
DA:18,3
DA:21,2
LF:7
LH:7
BRDA:13,0,0,0
BRDA:13,0,1,2
BRF:2
BRH:1
end_of_record
TN:
SF:/Users/jiameng/Desktop/Mengt/src/reduceRight.js
FN:10,(anonymous_0)
FNF:1
FNH:1
FNDA:1,(anonymous_0)
DA:10,1
DA:12,1
DA:13,0
DA:15,1
DA:16,3
DA:17,3
DA:20,1
LF:7
LH:6
BRDA:12,0,0,1
BRDA:12,0,1,0
BRF:2
BRH:1
end_of_record
TN:
SF:/Users/jiameng/Desktop/Mengt/src/utils/index.js
FN:4,_isFunction
FN:8,_isArray
FN:12,_isObject
FN:16,_isNumber
FN:20,_isRegExp
FN:31,_checkMethod
FN:32,(anonymous_6)
FN:50,_curry1
FN:51,f
FN:65,_curry2
FN:66,f2
FN:74,(anonymous_11)
FN:90,_curry3
FN:91,f3
FN:98,(anonymous_14)
FN:101,(anonymous_15)
FN:114,_curryN
FN:119,f
FN:122,(anonymous_18)
FNF:19
FNH:14
FNDA:2,_isFunction
FNDA:4,_isArray
FNDA:0,_isObject
FNDA:0,_isNumber
FNDA:0,_isRegExp
FNDA:3,_checkMethod
FNDA:4,(anonymous_6)
FNDA:4,_curry1
FNDA:6,f
FNDA:2,_curry2
FNDA:4,f2
FNDA:2,(anonymous_11)
FNDA:3,_curry3
FNDA:3,f3
FNDA:0,(anonymous_14)
FNDA:0,(anonymous_15)
FNDA:2,_curryN
FNDA:7,f
FNDA:3,(anonymous_18)
DA:5,2
DA:9,4
DA:13,0
DA:17,0
DA:21,0
DA:32,3
DA:33,4
DA:37,4
DA:39,4
DA:51,4
DA:52,6
DA:54,6
DA:66,2
DA:67,4
DA:69,4
DA:71,0
DA:74,2
DA:78,2
DA:91,3
DA:92,3
DA:93,3
DA:95,0
DA:98,0
DA:100,0
DA:101,0
DA:104,3
DA:115,2
DA:116,0
DA:119,2
DA:120,7
DA:121,7
DA:122,3
DA:123,3
DA:126,4
LF:34
LH:25
BRDA:9,0,0,4
BRDA:9,0,1,0
BRDA:39,1,0,4
BRDA:39,1,1,0
BRDA:39,2,0,4
BRDA:39,2,1,0
BRDA:52,3,0,0
BRDA:52,3,1,6
BRDA:69,4,0,0
BRDA:69,4,1,2
BRDA:69,4,2,2
BRDA:93,5,0,0
BRDA:93,5,1,0
BRDA:93,5,2,3
BRDA:115,6,0,0
BRDA:115,6,1,2
BRDA:121,7,0,3
BRDA:121,7,1,4
BRF:18
BRH:10
end_of_record
